Wed, 23 Sep 2020 14:17:41 GMT - Info - Server is running on port: 3030
Wed, 23 Sep 2020 14:17:41 GMT - Error - {}
Wed, 23 Sep 2020 14:17:41 GMT - Error - {}
Wed, 23 Sep 2020 14:18:09 GMT - Info - Server is running on port: 3030
Wed, 23 Sep 2020 14:18:19 GMT - Error - {}
Wed, 23 Sep 2020 14:18:19 GMT - Error - {}
Wed, 23 Sep 2020 14:20:19 GMT - Error - {}
Wed, 23 Sep 2020 14:20:19 GMT - Error - {}
Wed, 23 Sep 2020 14:39:55 GMT - Error - {}
Wed, 23 Sep 2020 14:39:55 GMT - Error - {}
Wed, 23 Sep 2020 14:41:29 GMT - Info - Server is running on port: 3030
Wed, 23 Sep 2020 14:41:29 GMT - Error - {}
Wed, 23 Sep 2020 14:41:29 GMT - Error - {}
Wed, 23 Sep 2020 14:41:32 GMT - Info - Server is running on port: 3030
Wed, 23 Sep 2020 14:41:37 GMT - Info - Server is running on port: 3030
Wed, 23 Sep 2020 14:41:39 GMT - Info - Server is running on port: 3030
Wed, 23 Sep 2020 14:41:45 GMT - Error - {}
Wed, 23 Sep 2020 14:41:46 GMT - Error - {}
Wed, 23 Sep 2020 14:42:11 GMT - Info - Server is running on port: 3030
Wed, 23 Sep 2020 14:42:11 GMT - Error - {}
Wed, 23 Sep 2020 14:42:11 GMT - Error - {}
Wed, 23 Sep 2020 14:42:48 GMT - Info - Server is running on port: 3030
Wed, 23 Sep 2020 14:43:13 GMT - Info - Server is running on port: 3030
Wed, 23 Sep 2020 14:43:24 GMT - Error - {}
Wed, 23 Sep 2020 14:43:24 GMT - Error - {}
Wed, 23 Sep 2020 14:43:41 GMT - Info - Server is running on port: 3030
Wed, 23 Sep 2020 14:43:41 GMT - Error - {}
Wed, 23 Sep 2020 14:43:41 GMT - Error - {}
Wed, 23 Sep 2020 14:43:43 GMT - Info - Server is running on port: 3030
Wed, 23 Sep 2020 14:43:52 GMT - Info - Server is running on port: 3030
Wed, 23 Sep 2020 14:43:53 GMT - Info - Server is running on port: 3030
Wed, 23 Sep 2020 14:43:55 GMT - Info - Server is running on port: 3030
Wed, 23 Sep 2020 14:43:58 GMT - Error - {}
Wed, 23 Sep 2020 14:43:58 GMT - Error - {}
Wed, 23 Sep 2020 14:44:12 GMT - Info - Server is running on port: 3030
Wed, 23 Sep 2020 14:44:12 GMT - Error - {}
Wed, 23 Sep 2020 14:44:12 GMT - Error - {}
Wed, 23 Sep 2020 14:44:19 GMT - Info - Server is running on port: 3030
Wed, 23 Sep 2020 14:44:21 GMT - Info - Server is running on port: 3030
Wed, 23 Sep 2020 14:44:28 GMT - Info - Server is running on port: 3030
Wed, 23 Sep 2020 14:44:34 GMT - Error - {}
Wed, 23 Sep 2020 14:44:34 GMT - Error - {}
Wed, 23 Sep 2020 14:46:19 GMT - Info - Server is running on port: 3030
Wed, 23 Sep 2020 14:46:19 GMT - Error - {}
Wed, 23 Sep 2020 14:46:19 GMT - Error - {}
Wed, 23 Sep 2020 14:46:37 GMT - Info - Server is running on port: 3030
Wed, 23 Sep 2020 14:46:43 GMT - Error - {}
Wed, 23 Sep 2020 14:46:43 GMT - Error - {}
Wed, 23 Sep 2020 14:48:43 GMT - Error - {}
Wed, 23 Sep 2020 14:48:43 GMT - Error - {}
Wed, 23 Sep 2020 14:49:07 GMT - Info - Server is running on port: 3030
Wed, 23 Sep 2020 14:49:21 GMT - Info - Server is running on port: 3030
Wed, 23 Sep 2020 14:49:29 GMT - Info - Server is running on port: 3030
Wed, 23 Sep 2020 14:49:38 GMT - Error - {}
Wed, 23 Sep 2020 14:49:38 GMT - Error - {}
Wed, 23 Sep 2020 14:49:43 GMT - Info - Server is running on port: 3030
Wed, 23 Sep 2020 14:49:43 GMT - Error - {}
Wed, 23 Sep 2020 14:49:43 GMT - Error - {}
Wed, 23 Sep 2020 14:49:46 GMT - Info - Server is running on port: 3030
Wed, 23 Sep 2020 14:49:55 GMT - Info - Server is running on port: 3030
Wed, 23 Sep 2020 14:49:58 GMT - Error - {}
Wed, 23 Sep 2020 14:49:58 GMT - Error - {}
Wed, 23 Sep 2020 14:51:10 GMT - Error - {}
Wed, 23 Sep 2020 14:51:10 GMT - Error - {}
Wed, 23 Sep 2020 14:51:28 GMT - Info - Server is running on port: 3030
Wed, 23 Sep 2020 14:51:28 GMT - Error - {}
Wed, 23 Sep 2020 14:51:28 GMT - Error - {}
Wed, 23 Sep 2020 14:52:11 GMT - Info - Server is running on port: 3030
Wed, 23 Sep 2020 14:52:18 GMT - Info - Server is running on port: 3030
Wed, 23 Sep 2020 14:52:20 GMT - Info - Server is running on port: 3030
Wed, 23 Sep 2020 14:52:25 GMT - Error - {}
Wed, 23 Sep 2020 14:52:25 GMT - Error - {}
Wed, 23 Sep 2020 14:53:38 GMT - Info - Server is running on port: 3030
Wed, 23 Sep 2020 14:54:16 GMT - Debug - yoni, 1234
Wed, 23 Sep 2020 14:54:16 GMT - Debug - auth.service - signup with userName: yoni
Wed, 23 Sep 2020 14:54:16 GMT - Debug - auth.route - new account created: {"userName":"yoni","forms":[],"_id":"5f6b6198d57e46d3f9c4936f"}
Wed, 23 Sep 2020 14:54:16 GMT - Debug - auth.service - login with username: yoni
Wed, 23 Sep 2020 14:54:24 GMT - Error - {}
Wed, 23 Sep 2020 14:54:24 GMT - Error - {}
Wed, 23 Sep 2020 14:54:47 GMT - Info - Server is running on port: 3030
Wed, 23 Sep 2020 14:56:02 GMT - Info - Server is running on port: 3030
Wed, 23 Sep 2020 14:56:20 GMT - Info - Server is running on port: 3030
Wed, 23 Sep 2020 14:56:31 GMT - Debug - yoni, 1234
Wed, 23 Sep 2020 14:56:31 GMT - Debug - auth.service - signup with userName: yoni
Wed, 23 Sep 2020 14:56:31 GMT - Debug - auth.route - new account created: {"userName":"yoni","forms":[],"_id":"5f6b621f32c08067b9b65e4e"}
Wed, 23 Sep 2020 14:56:31 GMT - Debug - auth.service - login with username: yoni
Wed, 23 Sep 2020 14:56:42 GMT - Error - {}
Wed, 23 Sep 2020 14:58:42 GMT - Error - {}
Wed, 23 Sep 2020 15:17:41 GMT - Info - Server is running on port: 3030
Wed, 23 Sep 2020 15:17:44 GMT - Info - Server is running on port: 3030
Wed, 23 Sep 2020 15:17:47 GMT - Info - Server is running on port: 3030
Wed, 23 Sep 2020 15:17:54 GMT - Info - Server is running on port: 3030
Wed, 23 Sep 2020 15:17:58 GMT - Error - {}
Wed, 23 Sep 2020 15:17:58 GMT - Error - {}
Wed, 23 Sep 2020 15:18:56 GMT - Info - Server is running on port: 3030
Wed, 23 Sep 2020 15:18:56 GMT - Error - {}
Wed, 23 Sep 2020 15:18:56 GMT - Error - {}
Wed, 23 Sep 2020 15:21:02 GMT - Error - {}
Wed, 23 Sep 2020 15:21:02 GMT - Error - {}
Wed, 23 Sep 2020 15:21:14 GMT - Info - Server is running on port: 3030
Wed, 23 Sep 2020 15:21:16 GMT - Info - Server is running on port: 3030
Wed, 23 Sep 2020 15:21:18 GMT - Error - {}
Wed, 23 Sep 2020 15:21:18 GMT - Error - {}
Wed, 23 Sep 2020 16:37:41 GMT - Debug - auth.service - login with username: yoni
Wed, 23 Sep 2020 16:37:57 GMT - Debug - auth.service - login with username: yoni
Wed, 23 Sep 2020 16:38:02 GMT - Debug - auth.service - login with username: yoni
Wed, 23 Sep 2020 16:38:05 GMT - Debug - auth.service - login with username: yoni
Wed, 23 Sep 2020 16:38:45 GMT - Debug - yoni, 1234
Wed, 23 Sep 2020 16:38:45 GMT - Debug - auth.service - signup with userName: yoni
Wed, 23 Sep 2020 16:38:45 GMT - Debug - auth.route - new account created: {"userName":"yoni","forms":[],"_id":"5f6b7a157a7850cc1ddb9801"}
Wed, 23 Sep 2020 16:38:45 GMT - Debug - auth.service - login with username: yoni
Wed, 23 Sep 2020 16:40:08 GMT - Info - Server is running on port: 3030
Wed, 23 Sep 2020 16:40:18 GMT - Error - {}
Wed, 23 Sep 2020 16:40:18 GMT - Error - {}
Wed, 23 Sep 2020 16:40:56 GMT - Info - Server is running on port: 3030
Wed, 23 Sep 2020 16:41:11 GMT - Debug - yoni, 1234
Wed, 23 Sep 2020 16:41:11 GMT - Debug - auth.service - signup with userName: yoni
Wed, 23 Sep 2020 16:41:11 GMT - Debug - auth.route - new account created: {"userName":"yoni","forms":[],"_id":"5f6b7aa7b62140f41c8c58e4"}
Wed, 23 Sep 2020 16:41:11 GMT - Debug - auth.service - login with username: yoni
Wed, 23 Sep 2020 16:47:10 GMT - Info - Server is running on port: 3030
Wed, 23 Sep 2020 16:47:57 GMT - Info - Server is running on port: 3030
Wed, 23 Sep 2020 16:49:23 GMT - Info - Server is running on port: 3030
Wed, 23 Sep 2020 16:49:24 GMT - Info - Server is running on port: 3030
Wed, 23 Sep 2020 16:49:29 GMT - Error - {}
Wed, 23 Sep 2020 16:49:29 GMT - Error - {}
Wed, 23 Sep 2020 16:50:04 GMT - Info - Server is running on port: 3030
Wed, 23 Sep 2020 16:50:06 GMT - Info - Server is running on port: 3030
Wed, 23 Sep 2020 16:50:08 GMT - Info - Server is running on port: 3030
Wed, 23 Sep 2020 16:50:53 GMT - Debug - yoni, 1234
Wed, 23 Sep 2020 16:50:53 GMT - Debug - auth.service - signup with userName: yoni
Wed, 23 Sep 2020 16:50:53 GMT - Debug - auth.route - new account created: {"userName":"yoni","forms":[],"_id":"5f6b7ced91fafdb48dc4d5a0"}
Wed, 23 Sep 2020 16:50:53 GMT - Debug - auth.service - login with username: yoni
Wed, 23 Sep 2020 16:50:58 GMT - Error - {}
Wed, 23 Sep 2020 16:50:58 GMT - Error - {}
Wed, 23 Sep 2020 16:51:24 GMT - Info - Server is running on port: 3030
Wed, 23 Sep 2020 16:51:24 GMT - Error - {}
Wed, 23 Sep 2020 16:51:24 GMT - Error - {}
Wed, 23 Sep 2020 16:51:36 GMT - Info - Server is running on port: 3030
Wed, 23 Sep 2020 16:51:47 GMT - Info - Server is running on port: 3030
Wed, 23 Sep 2020 16:51:49 GMT - Info - Server is running on port: 3030
Wed, 23 Sep 2020 16:52:19 GMT - Info - Server is running on port: 3030
Wed, 23 Sep 2020 16:52:24 GMT - Info - Server is running on port: 3030
Wed, 23 Sep 2020 16:55:02 GMT - Info - Server is running on port: 3030
Wed, 23 Sep 2020 16:55:16 GMT - Info - Server is running on port: 3030
Wed, 23 Sep 2020 16:55:18 GMT - Info - Server is running on port: 3030
Wed, 23 Sep 2020 16:55:28 GMT - Error - {"driver":true,"name":"MongoError","index":0,"code":9}
Wed, 23 Sep 2020 16:55:28 GMT - Error - {"driver":true,"name":"MongoError","index":0,"code":9}
Wed, 23 Sep 2020 17:00:17 GMT - Info - Server is running on port: 3030
Wed, 23 Sep 2020 17:00:23 GMT - Error - {"driver":true,"name":"MongoError","index":0,"code":9}
Wed, 23 Sep 2020 17:00:23 GMT - Error - {"driver":true,"name":"MongoError","index":0,"code":9}
Wed, 23 Sep 2020 17:00:48 GMT - Info - Server is running on port: 3030
Wed, 23 Sep 2020 17:00:48 GMT - Error - {}
Wed, 23 Sep 2020 17:00:48 GMT - Error - {}
Wed, 23 Sep 2020 17:01:35 GMT - Info - Server is running on port: 3030
Wed, 23 Sep 2020 17:02:10 GMT - Info - Server is running on port: 3030
Wed, 23 Sep 2020 17:02:27 GMT - Info - Server is running on port: 3030
Wed, 23 Sep 2020 17:03:02 GMT - Debug - yoni, 1234
Wed, 23 Sep 2020 17:03:02 GMT - Debug - auth.service - signup with userName: yoni
Wed, 23 Sep 2020 17:03:02 GMT - Debug - auth.route - new account created: {"userName":"yoni","forms":[],"_id":"5f6b7fc6d9bb7f27ab1f3869"}
Wed, 23 Sep 2020 17:03:02 GMT - Debug - auth.service - login with username: yoni
Wed, 23 Sep 2020 17:08:32 GMT - Info - Server is running on port: 3030
Wed, 23 Sep 2020 17:09:02 GMT - Info - Server is running on port: 3030
Wed, 23 Sep 2020 17:09:11 GMT - Info - Server is running on port: 3030
Wed, 23 Sep 2020 17:09:21 GMT - Debug - yoni, 1234
Wed, 23 Sep 2020 17:09:21 GMT - Debug - auth.service - signup with userName: yoni
Wed, 23 Sep 2020 17:09:22 GMT - Debug - auth.route - new account created: {"userName":"yoni","forms":[],"_id":"5f6b81425eeef20961758f84"}
Wed, 23 Sep 2020 17:09:22 GMT - Debug - auth.service - login with username: yoni
Wed, 23 Sep 2020 17:09:54 GMT - Info - Server is running on port: 3030
Wed, 23 Sep 2020 17:10:05 GMT - Info - Server is running on port: 3030
Wed, 23 Sep 2020 17:10:19 GMT - Debug - yoni, 1234
Wed, 23 Sep 2020 17:10:19 GMT - Debug - auth.service - signup with userName: yoni
Wed, 23 Sep 2020 17:10:19 GMT - Debug - auth.route - new account created: {"userName":"yoni","forms":[],"_id":"5f6b817b3df648ca57f778b3"}
Wed, 23 Sep 2020 17:10:19 GMT - Debug - auth.service - login with username: yoni
Wed, 23 Sep 2020 17:10:23 GMT - Error - {"driver":true,"name":"MongoError","index":0,"code":9}
Wed, 23 Sep 2020 17:10:23 GMT - Error - {"driver":true,"name":"MongoError","index":0,"code":9}
Wed, 23 Sep 2020 17:11:32 GMT - Info - Server is running on port: 3030
Wed, 23 Sep 2020 17:11:33 GMT - Error - {"driver":true,"name":"MongoError","index":0,"code":9}
Wed, 23 Sep 2020 17:11:33 GMT - Error - {"driver":true,"name":"MongoError","index":0,"code":9}
Wed, 23 Sep 2020 17:11:36 GMT - Info - Server is running on port: 3030
Wed, 23 Sep 2020 17:11:38 GMT - Info - Server is running on port: 3030
Wed, 23 Sep 2020 17:11:42 GMT - Error - {"driver":true,"name":"MongoError","index":0,"code":9}
Wed, 23 Sep 2020 17:11:42 GMT - Error - {"driver":true,"name":"MongoError","index":0,"code":9}
Wed, 23 Sep 2020 17:11:56 GMT - Info - Server is running on port: 3030
Wed, 23 Sep 2020 17:11:56 GMT - Error - {"driver":true,"name":"MongoError","index":0,"code":9}
Wed, 23 Sep 2020 17:11:56 GMT - Error - {"driver":true,"name":"MongoError","index":0,"code":9}
Wed, 23 Sep 2020 17:12:05 GMT - Info - Server is running on port: 3030
Wed, 23 Sep 2020 17:12:09 GMT - Error - {"driver":true,"name":"MongoError","index":0,"code":9}
Wed, 23 Sep 2020 17:12:09 GMT - Error - {"driver":true,"name":"MongoError","index":0,"code":9}
Wed, 23 Sep 2020 17:12:40 GMT - Info - Server is running on port: 3030
Wed, 23 Sep 2020 17:12:41 GMT - Error - {"driver":true,"name":"MongoError","index":0,"code":9}
Wed, 23 Sep 2020 17:12:41 GMT - Error - {"driver":true,"name":"MongoError","index":0,"code":9}
Wed, 23 Sep 2020 17:13:21 GMT - Info - Server is running on port: 3030
Wed, 23 Sep 2020 17:13:23 GMT - Info - Server is running on port: 3030
Wed, 23 Sep 2020 17:13:26 GMT - Info - Server is running on port: 3030
Wed, 23 Sep 2020 17:13:28 GMT - Error - {"driver":true,"name":"MongoError","index":0,"code":9}
Wed, 23 Sep 2020 17:13:28 GMT - Error - {"driver":true,"name":"MongoError","index":0,"code":9}
Wed, 23 Sep 2020 17:13:55 GMT - Info - Server is running on port: 3030
Wed, 23 Sep 2020 17:13:55 GMT - Error - {"driver":true,"name":"MongoError","index":0,"code":9}
Wed, 23 Sep 2020 17:13:55 GMT - Error - {"driver":true,"name":"MongoError","index":0,"code":9}
Wed, 23 Sep 2020 17:28:13 GMT - Info - Server is running on port: 3030
Wed, 23 Sep 2020 17:28:16 GMT - Info - Server is running on port: 3030
Wed, 23 Sep 2020 17:28:21 GMT - Error - {}
Wed, 23 Sep 2020 17:28:21 GMT - Error - {}
Wed, 23 Sep 2020 17:29:49 GMT - Info - Server is running on port: 3030
Wed, 23 Sep 2020 17:29:50 GMT - Info - Server is running on port: 3030
Wed, 23 Sep 2020 17:29:54 GMT - Error - {}
Wed, 23 Sep 2020 17:29:54 GMT - Error - {}
Wed, 23 Sep 2020 17:31:54 GMT - Error - {}
Wed, 23 Sep 2020 17:31:54 GMT - Error - {}
Wed, 23 Sep 2020 17:34:37 GMT - Info - Server is running on port: 3030
Wed, 23 Sep 2020 17:34:39 GMT - Info - Server is running on port: 3030
Thu, 24 Sep 2020 05:35:32 GMT - Info - Server is running on port: 3030
Thu, 24 Sep 2020 05:35:47 GMT - Info - Server is running on port: 3030
Thu, 24 Sep 2020 05:36:11 GMT - Debug - yoni, 1234
Thu, 24 Sep 2020 05:36:11 GMT - Debug - auth.service - signup with userName: yoni
Thu, 24 Sep 2020 05:36:11 GMT - Debug - auth.route - new account created: {"userName":"yoni","forms":[],"_id":"5f6c304ba28a7540f1cce409"}
Thu, 24 Sep 2020 05:36:11 GMT - Debug - auth.service - login with username: yoni
Thu, 24 Sep 2020 05:44:38 GMT - Info - Server is running on port: 3030
Thu, 24 Sep 2020 05:46:23 GMT - Info - Server is running on port: 3030
Thu, 24 Sep 2020 05:46:30 GMT - Info - Server is running on port: 3030
Thu, 24 Sep 2020 05:46:36 GMT - Info - Server is running on port: 3030
Thu, 24 Sep 2020 05:51:00 GMT - Info - Server is running on port: 3030
Thu, 24 Sep 2020 05:51:06 GMT - Info - Server is running on port: 3030
Thu, 24 Sep 2020 05:53:10 GMT - Info - Server is running on port: 3030
Thu, 24 Sep 2020 05:53:50 GMT - Info - Server is running on port: 3030
Thu, 24 Sep 2020 05:57:25 GMT - Info - Server is running on port: 3030
Thu, 24 Sep 2020 05:59:27 GMT - Error - {}
Thu, 24 Sep 2020 05:59:27 GMT - Error - {}
Thu, 24 Sep 2020 06:00:13 GMT - Error - {}
Thu, 24 Sep 2020 06:00:13 GMT - Error - {}
Thu, 24 Sep 2020 06:02:13 GMT - Error - {}
Thu, 24 Sep 2020 06:02:13 GMT - Error - {}
Thu, 24 Sep 2020 06:03:44 GMT - Error - {}
Thu, 24 Sep 2020 06:03:44 GMT - Error - {}
Thu, 24 Sep 2020 06:06:52 GMT - Info - Server is running on port: 3030
Thu, 24 Sep 2020 06:07:26 GMT - Info - Server is running on port: 3030
Thu, 24 Sep 2020 06:07:41 GMT - Info - Server is running on port: 3030
Thu, 24 Sep 2020 06:10:17 GMT - Error - {}
Thu, 24 Sep 2020 06:10:17 GMT - Error - {}
Thu, 24 Sep 2020 06:10:25 GMT - Error - {}
Thu, 24 Sep 2020 06:10:25 GMT - Error - {}
Thu, 24 Sep 2020 06:10:39 GMT - Info - Server is running on port: 3030
Thu, 24 Sep 2020 06:10:39 GMT - Error - {}
Thu, 24 Sep 2020 06:10:39 GMT - Error - {}
Thu, 24 Sep 2020 06:11:27 GMT - Info - Server is running on port: 3030
Thu, 24 Sep 2020 06:11:46 GMT - Error - {}
Thu, 24 Sep 2020 06:11:46 GMT - Error - {}
Thu, 24 Sep 2020 06:11:56 GMT - Info - Server is running on port: 3030
Thu, 24 Sep 2020 06:11:57 GMT - Error - {}
Thu, 24 Sep 2020 06:11:57 GMT - Error - {}
Thu, 24 Sep 2020 06:12:59 GMT - Info - Server is running on port: 3030
Thu, 24 Sep 2020 06:13:00 GMT - Info - Server is running on port: 3030
Thu, 24 Sep 2020 06:13:17 GMT - Info - Server is running on port: 3030
Thu, 24 Sep 2020 06:13:19 GMT - Info - Server is running on port: 3030
Thu, 24 Sep 2020 06:13:20 GMT - Info - Server is running on port: 3030
Thu, 24 Sep 2020 06:13:28 GMT - Info - Server is running on port: 3030
Thu, 24 Sep 2020 06:13:48 GMT - Info - Server is running on port: 3030
Thu, 24 Sep 2020 06:14:00 GMT - Info - Server is running on port: 3030
Thu, 24 Sep 2020 06:18:02 GMT - Info - Server is running on port: 3030
Thu, 24 Sep 2020 06:18:04 GMT - Info - Server is running on port: 3030
Thu, 24 Sep 2020 06:18:13 GMT - Info - Server is running on port: 3030
Thu, 24 Sep 2020 06:18:25 GMT - Info - Server is running on port: 3030
Thu, 24 Sep 2020 06:18:28 GMT - Error - {}
Thu, 24 Sep 2020 06:18:28 GMT - Error - {}
Thu, 24 Sep 2020 06:18:41 GMT - Error - {}
Thu, 24 Sep 2020 06:18:41 GMT - Error - {}
Thu, 24 Sep 2020 06:20:04 GMT - Error - {}
Thu, 24 Sep 2020 06:20:04 GMT - Error - {}
Thu, 24 Sep 2020 06:20:06 GMT - Error - {}
Thu, 24 Sep 2020 06:20:06 GMT - Error - {}
Thu, 24 Sep 2020 06:20:06 GMT - Error - {}
Thu, 24 Sep 2020 06:20:08 GMT - Error - {}
Thu, 24 Sep 2020 06:20:08 GMT - Error - {}
Thu, 24 Sep 2020 06:20:49 GMT - Info - Server is running on port: 3030
Thu, 24 Sep 2020 06:20:49 GMT - Error - {}
Thu, 24 Sep 2020 06:20:49 GMT - Error - {}
Thu, 24 Sep 2020 06:20:51 GMT - Info - Server is running on port: 3030
Thu, 24 Sep 2020 06:21:00 GMT - Info - Server is running on port: 3030
Thu, 24 Sep 2020 06:21:08 GMT - Error - {}
Thu, 24 Sep 2020 06:21:08 GMT - Error - {}
Thu, 24 Sep 2020 06:21:39 GMT - Error - {}
Thu, 24 Sep 2020 06:21:39 GMT - Error - {}
Thu, 24 Sep 2020 06:21:39 GMT - Error - {}
Thu, 24 Sep 2020 06:21:54 GMT - Info - Server is running on port: 3030
Thu, 24 Sep 2020 06:21:54 GMT - Error - {}
Thu, 24 Sep 2020 06:21:54 GMT - Error - {}
Thu, 24 Sep 2020 06:22:03 GMT - Info - Server is running on port: 3030
Thu, 24 Sep 2020 06:22:14 GMT - Error - {}
Thu, 24 Sep 2020 06:22:14 GMT - Error - {}
Thu, 24 Sep 2020 06:22:26 GMT - Info - Server is running on port: 3030
Thu, 24 Sep 2020 06:22:26 GMT - Error - {}
Thu, 24 Sep 2020 06:22:26 GMT - Error - {}
Thu, 24 Sep 2020 06:22:28 GMT - Error - {}
Thu, 24 Sep 2020 06:22:28 GMT - Error - {}
Thu, 24 Sep 2020 06:22:28 GMT - Error - {}
Thu, 24 Sep 2020 06:23:41 GMT - Error - {}
Thu, 24 Sep 2020 06:23:41 GMT - Error - {}
Thu, 24 Sep 2020 06:23:47 GMT - Info - Server is running on port: 3030
Thu, 24 Sep 2020 06:23:47 GMT - Error - {}
Thu, 24 Sep 2020 06:23:47 GMT - Error - {}
Thu, 24 Sep 2020 06:23:49 GMT - Info - Server is running on port: 3030
Thu, 24 Sep 2020 06:23:51 GMT - Info - Server is running on port: 3030
Thu, 24 Sep 2020 06:23:58 GMT - Info - Server is running on port: 3030
Thu, 24 Sep 2020 06:23:59 GMT - Error - {}
Thu, 24 Sep 2020 06:23:59 GMT - Error - {}
Thu, 24 Sep 2020 06:24:02 GMT - Error - {}
Thu, 24 Sep 2020 06:24:02 GMT - Error - {}
Thu, 24 Sep 2020 06:24:02 GMT - Error - {}
Thu, 24 Sep 2020 06:25:05 GMT - Info - Server is running on port: 3030
Thu, 24 Sep 2020 06:25:05 GMT - Error - {}
Thu, 24 Sep 2020 06:25:05 GMT - Error - {}
Thu, 24 Sep 2020 06:25:42 GMT - Info - Server is running on port: 3030
Thu, 24 Sep 2020 06:25:57 GMT - Error - {}
Thu, 24 Sep 2020 06:25:57 GMT - Error - {}
Thu, 24 Sep 2020 06:26:58 GMT - Info - Server is running on port: 3030
Thu, 24 Sep 2020 06:27:00 GMT - Info - Server is running on port: 3030
Thu, 24 Sep 2020 06:27:04 GMT - Info - Server is running on port: 3030
Thu, 24 Sep 2020 06:27:17 GMT - Info - Server is running on port: 3030
Thu, 24 Sep 2020 06:27:29 GMT - Error - {}
Thu, 24 Sep 2020 06:27:29 GMT - Error - {}
Thu, 24 Sep 2020 06:28:18 GMT - Error - {}
Thu, 24 Sep 2020 06:28:18 GMT - Error - {}
Thu, 24 Sep 2020 06:28:33 GMT - Info - Server is running on port: 3030
Thu, 24 Sep 2020 06:28:33 GMT - Error - {}
Thu, 24 Sep 2020 06:28:33 GMT - Error - {}
Thu, 24 Sep 2020 06:28:34 GMT - Info - Server is running on port: 3030
Thu, 24 Sep 2020 06:28:38 GMT - Info - Server is running on port: 3030
Thu, 24 Sep 2020 06:28:40 GMT - Info - Server is running on port: 3030
Thu, 24 Sep 2020 06:28:41 GMT - Info - Server is running on port: 3030
Thu, 24 Sep 2020 06:28:42 GMT - Info - Server is running on port: 3030
Thu, 24 Sep 2020 06:28:47 GMT - Error - {}
Thu, 24 Sep 2020 06:28:47 GMT - Error - {}
Thu, 24 Sep 2020 06:29:48 GMT - Error - {}
Thu, 24 Sep 2020 06:29:48 GMT - Error - {}
Thu, 24 Sep 2020 06:30:20 GMT - Info - Server is running on port: 3030
Thu, 24 Sep 2020 06:31:06 GMT - Error - {}
Thu, 24 Sep 2020 06:31:06 GMT - Error - {}
Thu, 24 Sep 2020 06:32:42 GMT - Error - {}
Thu, 24 Sep 2020 06:32:42 GMT - Error - {}
Thu, 24 Sep 2020 06:33:05 GMT - Info - Server is running on port: 3030
Thu, 24 Sep 2020 06:33:10 GMT - Error - {}
Thu, 24 Sep 2020 06:33:10 GMT - Error - {}
Thu, 24 Sep 2020 06:35:10 GMT - Error - {}
Thu, 24 Sep 2020 06:35:10 GMT - Error - {}
Thu, 24 Sep 2020 06:36:59 GMT - Info - Server is running on port: 3030
Thu, 24 Sep 2020 06:37:08 GMT - Info - Server is running on port: 3030
Thu, 24 Sep 2020 06:37:24 GMT - Debug - auth.service - login with username: yoni
Thu, 24 Sep 2020 06:37:29 GMT - Error - {}
Thu, 24 Sep 2020 06:37:29 GMT - Error - {}
Thu, 24 Sep 2020 06:37:43 GMT - Info - Server is running on port: 3030
Thu, 24 Sep 2020 06:37:46 GMT - Info - Server is running on port: 3030
Thu, 24 Sep 2020 06:37:50 GMT - Info - Server is running on port: 3030
Thu, 24 Sep 2020 06:38:05 GMT - Error - {}
Thu, 24 Sep 2020 06:38:05 GMT - Error - {}
Thu, 24 Sep 2020 06:38:05 GMT - Error - {}
Thu, 24 Sep 2020 06:38:58 GMT - Info - Server is running on port: 3030
Thu, 24 Sep 2020 06:39:01 GMT - Info - Server is running on port: 3030
Thu, 24 Sep 2020 06:39:16 GMT - Info - Server is running on port: 3030
Thu, 24 Sep 2020 06:39:21 GMT - Info - Server is running on port: 3030
Thu, 24 Sep 2020 07:01:37 GMT - Info - Server is running on port: 3030
Thu, 24 Sep 2020 07:01:41 GMT - Info - Server is running on port: 3030
Thu, 24 Sep 2020 07:02:23 GMT - Info - Server is running on port: 3030
Thu, 24 Sep 2020 07:02:24 GMT - Info - Server is running on port: 3030
Thu, 24 Sep 2020 07:02:26 GMT - Info - Server is running on port: 3030
Thu, 24 Sep 2020 07:02:28 GMT - Info - Server is running on port: 3030
Thu, 24 Sep 2020 07:03:46 GMT - Info - Server is running on port: 3030
Thu, 24 Sep 2020 07:03:52 GMT - Info - Server is running on port: 3030
Thu, 24 Sep 2020 07:04:07 GMT - Info - Server is running on port: 3030
Thu, 24 Sep 2020 07:04:48 GMT - Info - Server is running on port: 3030
Thu, 24 Sep 2020 07:04:50 GMT - Info - Server is running on port: 3030
Thu, 24 Sep 2020 07:05:34 GMT - Info - Server is running on port: 3030
Thu, 24 Sep 2020 07:05:35 GMT - Info - Server is running on port: 3030
Thu, 24 Sep 2020 07:05:39 GMT - Info - Server is running on port: 3030
Thu, 24 Sep 2020 07:09:15 GMT - Info - Server is running on port: 3030
Thu, 24 Sep 2020 07:09:19 GMT - Info - Server is running on port: 3030
Thu, 24 Sep 2020 07:09:29 GMT - Info - Server is running on port: 3030
Thu, 24 Sep 2020 07:09:32 GMT - Info - Server is running on port: 3030
Thu, 24 Sep 2020 07:09:33 GMT - Info - Server is running on port: 3030
Thu, 24 Sep 2020 07:10:33 GMT - Info - Server is running on port: 3030
Thu, 24 Sep 2020 07:10:33 GMT - Error - {}
Thu, 24 Sep 2020 07:10:35 GMT - Info - Server is running on port: 3030
Thu, 24 Sep 2020 07:11:37 GMT - Info - Server is running on port: 3030
Thu, 24 Sep 2020 07:15:35 GMT - Info - Server is running on port: 3030
Thu, 24 Sep 2020 07:15:42 GMT - Info - Server is running on port: 3030
Thu, 24 Sep 2020 07:16:52 GMT - Error - {}
Thu, 24 Sep 2020 07:16:52 GMT - Error - {}
Thu, 24 Sep 2020 07:18:13 GMT - Error - {}
Thu, 24 Sep 2020 07:18:13 GMT - Error - {}
Thu, 24 Sep 2020 07:19:43 GMT - Info - Server is running on port: 3030
Thu, 24 Sep 2020 07:19:44 GMT - Info - Server is running on port: 3030
Thu, 24 Sep 2020 07:19:56 GMT - Error - {}
Thu, 24 Sep 2020 07:19:56 GMT - Error - {}
Thu, 24 Sep 2020 07:20:11 GMT - Info - Server is running on port: 3030
Thu, 24 Sep 2020 07:20:11 GMT - Error - {}
Thu, 24 Sep 2020 07:20:11 GMT - Error - {}
Thu, 24 Sep 2020 07:20:15 GMT - Info - Server is running on port: 3030
Thu, 24 Sep 2020 07:20:33 GMT - Info - Server is running on port: 3030
Thu, 24 Sep 2020 07:20:50 GMT - Error - {}
Thu, 24 Sep 2020 07:20:50 GMT - Error - {}
Thu, 24 Sep 2020 07:21:30 GMT - Info - Server is running on port: 3030
Thu, 24 Sep 2020 07:21:32 GMT - Info - Server is running on port: 3030
Thu, 24 Sep 2020 07:21:35 GMT - Info - Server is running on port: 3030
Thu, 24 Sep 2020 07:21:53 GMT - Info - Server is running on port: 3030
Thu, 24 Sep 2020 07:22:09 GMT - Info - Server is running on port: 3030
Thu, 24 Sep 2020 07:23:44 GMT - Info - Server is running on port: 3030
Thu, 24 Sep 2020 07:24:11 GMT - Info - Server is running on port: 3030
Thu, 24 Sep 2020 07:24:14 GMT - Info - Server is running on port: 3030
Thu, 24 Sep 2020 07:27:32 GMT - Info - Server is running on port: 3030
Thu, 24 Sep 2020 07:27:33 GMT - Info - Server is running on port: 3030
Thu, 24 Sep 2020 07:28:53 GMT - Info - Server is running on port: 3030
Thu, 24 Sep 2020 07:28:56 GMT - Info - Server is running on port: 3030
Thu, 24 Sep 2020 07:46:00 GMT - Error - {}
Thu, 24 Sep 2020 07:46:00 GMT - Error - {}
Thu, 24 Sep 2020 07:51:39 GMT - Info - Server is running on port: 3030
Thu, 24 Sep 2020 07:52:52 GMT - Info - Server is running on port: 3030
Thu, 24 Sep 2020 07:52:57 GMT - Info - Server is running on port: 3030
Thu, 24 Sep 2020 07:54:20 GMT - Info - Server is running on port: 3030
Thu, 24 Sep 2020 07:56:14 GMT - Info - Server is running on port: 3030
Thu, 24 Sep 2020 07:56:22 GMT - Info - Server is running on port: 3030
Thu, 24 Sep 2020 07:56:53 GMT - Info - Server is running on port: 3030
Thu, 24 Sep 2020 07:58:37 GMT - Debug - auth.service - login with username: yoni
Thu, 24 Sep 2020 08:05:37 GMT - Info - Server is running on port: 3030
Thu, 24 Sep 2020 08:05:52 GMT - Error - {"driver":true,"name":"MongoError","index":0,"code":66}
Thu, 24 Sep 2020 08:05:52 GMT - Error - {"driver":true,"name":"MongoError","index":0,"code":66}
Thu, 24 Sep 2020 08:07:44 GMT - Info - Server is running on port: 3030
Thu, 24 Sep 2020 08:07:50 GMT - Info - Server is running on port: 3030
Thu, 24 Sep 2020 08:08:26 GMT - Info - Server is running on port: 3030
Thu, 24 Sep 2020 08:08:28 GMT - Info - Server is running on port: 3030
Thu, 24 Sep 2020 08:10:39 GMT - Info - Server is running on port: 3030
Thu, 24 Sep 2020 08:36:28 GMT - Info - Server is running on port: 3030
Thu, 24 Sep 2020 08:46:27 GMT - Info - Server is running on port: 3030
Thu, 24 Sep 2020 08:55:06 GMT - Info - Server is running on port: 3030
Thu, 24 Sep 2020 09:02:44 GMT - Error - {}
Thu, 24 Sep 2020 09:02:44 GMT - Error - {}
Thu, 24 Sep 2020 09:02:52 GMT - Debug - auth.service - login with username: yoni
Thu, 24 Sep 2020 09:19:03 GMT - Info - Server is running on port: 3030
Thu, 24 Sep 2020 10:03:58 GMT - Error - {}
Thu, 24 Sep 2020 10:03:58 GMT - Error - {}
Thu, 24 Sep 2020 10:07:12 GMT - Debug - auth.service - login with username: yoni
Thu, 24 Sep 2020 10:18:02 GMT - Info - Server is running on port: 3030
Thu, 24 Sep 2020 10:20:29 GMT - Info - Server is running on port: 3030
Thu, 24 Sep 2020 10:53:57 GMT - Info - Server is running on port: 3030
Thu, 24 Sep 2020 10:54:07 GMT - Info - Server is running on port: 3030
Thu, 24 Sep 2020 10:55:28 GMT - Info - Server is running on port: 3030
Thu, 24 Sep 2020 10:55:51 GMT - Info - Server is running on port: 3030
Thu, 24 Sep 2020 10:55:58 GMT - Info - Server is running on port: 3030
Thu, 24 Sep 2020 11:07:38 GMT - Error - {}
Thu, 24 Sep 2020 11:07:38 GMT - Error - {}
Thu, 24 Sep 2020 11:12:37 GMT - Debug - auth.service - login with username: yoni
Thu, 24 Sep 2020 11:12:49 GMT - Error - {}
Thu, 24 Sep 2020 11:12:49 GMT - Error - {}
Thu, 24 Sep 2020 11:12:49 GMT - Error - {}
Thu, 24 Sep 2020 11:12:50 GMT - Error - {}
Thu, 24 Sep 2020 11:12:50 GMT - Error - {}
Thu, 24 Sep 2020 11:12:50 GMT - Error - {}
Thu, 24 Sep 2020 11:13:19 GMT - Info - Server is running on port: 3030
Thu, 24 Sep 2020 11:13:19 GMT - Error - {}
Thu, 24 Sep 2020 11:13:19 GMT - Error - {}
Thu, 24 Sep 2020 11:13:19 GMT - Error - {}
Thu, 24 Sep 2020 11:13:22 GMT - Info - Server is running on port: 3030
Thu, 24 Sep 2020 11:13:24 GMT - Info - Server is running on port: 3030
Thu, 24 Sep 2020 11:13:26 GMT - Info - Server is running on port: 3030
Thu, 24 Sep 2020 11:13:27 GMT - Info - Server is running on port: 3030
Thu, 24 Sep 2020 11:26:52 GMT - Error - {}
Thu, 24 Sep 2020 11:26:52 GMT - Error - {}
Thu, 24 Sep 2020 11:26:52 GMT - Error - {}
Thu, 24 Sep 2020 11:37:01 GMT - Info - Server is running on port: 3030
Thu, 24 Sep 2020 11:37:07 GMT - Error - {}
Thu, 24 Sep 2020 11:37:07 GMT - Error - {}
Thu, 24 Sep 2020 11:37:07 GMT - Error - {}
Thu, 24 Sep 2020 11:37:08 GMT - Error - {}
Thu, 24 Sep 2020 11:37:08 GMT - Error - {}
Thu, 24 Sep 2020 11:37:08 GMT - Error - {}
Thu, 24 Sep 2020 11:37:11 GMT - Error - {}
Thu, 24 Sep 2020 11:37:11 GMT - Error - {}
Thu, 24 Sep 2020 11:37:11 GMT - Error - {}
Thu, 24 Sep 2020 11:37:11 GMT - Error - {}
Thu, 24 Sep 2020 11:37:11 GMT - Error - {}
Thu, 24 Sep 2020 11:37:11 GMT - Error - {}
Thu, 24 Sep 2020 11:37:12 GMT - Error - {}
Thu, 24 Sep 2020 11:37:12 GMT - Error - {}
Thu, 24 Sep 2020 11:37:12 GMT - Error - {}
Thu, 24 Sep 2020 11:37:35 GMT - Error - {}
Thu, 24 Sep 2020 11:37:35 GMT - Error - {}
Thu, 24 Sep 2020 11:37:35 GMT - Error - {}
Thu, 24 Sep 2020 11:38:17 GMT - Info - Server is running on port: 3030
Thu, 24 Sep 2020 11:39:56 GMT - Info - Server is running on port: 3030
Thu, 24 Sep 2020 11:40:01 GMT - Info - Server is running on port: 3030
Thu, 24 Sep 2020 11:42:29 GMT - Info - Server is running on port: 3030
Thu, 24 Sep 2020 11:42:36 GMT - Info - Server is running on port: 3030
Thu, 24 Sep 2020 11:42:38 GMT - Info - Server is running on port: 3030
Thu, 24 Sep 2020 11:46:39 GMT - Info - Server is running on port: 3030
Thu, 24 Sep 2020 11:46:41 GMT - Info - Server is running on port: 3030
Thu, 24 Sep 2020 11:46:44 GMT - Info - Server is running on port: 3030
Thu, 24 Sep 2020 12:22:11 GMT - Error - {}
Thu, 24 Sep 2020 12:22:11 GMT - Error - {}
Thu, 24 Sep 2020 12:22:42 GMT - Info - Server is running on port: 3030
Thu, 24 Sep 2020 12:22:44 GMT - Info - Server is running on port: 3030
Thu, 24 Sep 2020 12:22:45 GMT - Info - Server is running on port: 3030
Thu, 24 Sep 2020 12:22:47 GMT - Info - Server is running on port: 3030
Thu, 24 Sep 2020 12:22:56 GMT - Debug - auth.service - login with username: yoni
Thu, 24 Sep 2020 12:57:54 GMT - Info - Server is running on port: 3030
Thu, 24 Sep 2020 13:02:18 GMT - Info - Server is running on port: 3030
Thu, 24 Sep 2020 13:02:30 GMT - Info - Server is running on port: 3030
Thu, 24 Sep 2020 13:05:13 GMT - Info - Server is running on port: 3030
Thu, 24 Sep 2020 13:05:41 GMT - Info - Server is running on port: 3030
Thu, 24 Sep 2020 13:06:45 GMT - Info - Server is running on port: 3030
Thu, 24 Sep 2020 13:06:49 GMT - Info - Server is running on port: 3030
Thu, 24 Sep 2020 13:06:58 GMT - Info - Server is running on port: 3030
Thu, 24 Sep 2020 13:06:59 GMT - Info - Server is running on port: 3030
Thu, 24 Sep 2020 13:11:11 GMT - Error - {}
Thu, 24 Sep 2020 13:11:24 GMT - Info - Server is running on port: 3030
Thu, 24 Sep 2020 13:11:25 GMT - Error - {}
Thu, 24 Sep 2020 13:11:27 GMT - Info - Server is running on port: 3030
Thu, 24 Sep 2020 13:11:35 GMT - Info - Server is running on port: 3030
Thu, 24 Sep 2020 13:11:49 GMT - Info - Server is running on port: 3030
Thu, 24 Sep 2020 13:11:50 GMT - Info - Server is running on port: 3030
Thu, 24 Sep 2020 13:13:52 GMT - Error - {}
Thu, 24 Sep 2020 13:15:53 GMT - Error - {}
Thu, 24 Sep 2020 13:25:58 GMT - Error - {}
Thu, 24 Sep 2020 13:26:17 GMT - Info - Server is running on port: 3030
Thu, 24 Sep 2020 13:26:18 GMT - Info - Server is running on port: 3030
Thu, 24 Sep 2020 13:26:24 GMT - Info - Server is running on port: 3030
Thu, 24 Sep 2020 13:26:26 GMT - Info - Server is running on port: 3030
Thu, 24 Sep 2020 13:26:32 GMT - Debug - auth.service - login with username: yoni
Thu, 24 Sep 2020 13:26:33 GMT - Error - {}
Thu, 24 Sep 2020 13:26:55 GMT - Info - Server is running on port: 3030
Thu, 24 Sep 2020 13:26:55 GMT - Error - {}
Thu, 24 Sep 2020 13:26:57 GMT - Info - Server is running on port: 3030
Thu, 24 Sep 2020 14:20:10 GMT - Error - {}
Thu, 24 Sep 2020 14:20:19 GMT - Info - Server is running on port: 3030
Thu, 24 Sep 2020 14:20:20 GMT - Error - {}
Thu, 24 Sep 2020 14:20:23 GMT - Info - Server is running on port: 3030
Thu, 24 Sep 2020 14:21:08 GMT - Info - Server is running on port: 3030
Thu, 24 Sep 2020 14:21:15 GMT - Info - Server is running on port: 3030
Thu, 24 Sep 2020 14:21:17 GMT - Error - {}
Thu, 24 Sep 2020 14:22:03 GMT - Info - Server is running on port: 3030
Thu, 24 Sep 2020 14:22:03 GMT - Error - {}
Thu, 24 Sep 2020 14:22:12 GMT - Info - Server is running on port: 3030
Thu, 24 Sep 2020 14:22:12 GMT - Error - {}
Thu, 24 Sep 2020 14:22:28 GMT - Error - {}
Thu, 24 Sep 2020 14:22:31 GMT - Error - {}
Thu, 24 Sep 2020 14:22:44 GMT - Info - Server is running on port: 3030
Thu, 24 Sep 2020 14:22:44 GMT - Error - {}
Thu, 24 Sep 2020 14:23:27 GMT - Info - Server is running on port: 3030
Thu, 24 Sep 2020 14:23:30 GMT - Info - Server is running on port: 3030
Thu, 24 Sep 2020 14:23:36 GMT - Error - {}
Thu, 24 Sep 2020 14:23:54 GMT - Info - Server is running on port: 3030
Thu, 24 Sep 2020 14:23:54 GMT - Error - {}
Thu, 24 Sep 2020 14:23:56 GMT - Info - Server is running on port: 3030
Thu, 24 Sep 2020 14:23:58 GMT - Error - {}
Thu, 24 Sep 2020 14:24:13 GMT - Info - Server is running on port: 3030
Thu, 24 Sep 2020 14:24:13 GMT - Error - {}
Thu, 24 Sep 2020 14:24:37 GMT - Info - Server is running on port: 3030
Thu, 24 Sep 2020 14:24:58 GMT - Info - Server is running on port: 3030
Thu, 24 Sep 2020 14:25:02 GMT - Info - Server is running on port: 3030
Thu, 24 Sep 2020 14:25:35 GMT - Debug - yoni, 1234
Thu, 24 Sep 2020 14:25:35 GMT - Debug - auth.service - signup with userName: yoni
Thu, 24 Sep 2020 14:25:35 GMT - Debug - auth.route - new account created: {"userName":"yoni","forms":[],"_id":"5f6cac5f09687b54f2739564"}
Thu, 24 Sep 2020 14:25:35 GMT - Debug - auth.service - login with username: yoni
Thu, 24 Sep 2020 14:26:23 GMT - Info - Server is running on port: 3030
Thu, 24 Sep 2020 14:26:56 GMT - Info - Server is running on port: 3030
Thu, 24 Sep 2020 14:27:14 GMT - Info - Server is running on port: 3030
Thu, 24 Sep 2020 14:27:19 GMT - Info - Server is running on port: 3030
Thu, 24 Sep 2020 14:29:14 GMT - Info - Server is running on port: 3030
Thu, 24 Sep 2020 14:29:22 GMT - Info - Server is running on port: 3030
Thu, 24 Sep 2020 14:29:25 GMT - Info - Server is running on port: 3030
Thu, 24 Sep 2020 14:29:57 GMT - Info - Server is running on port: 3030
Thu, 24 Sep 2020 16:11:12 GMT - Debug - auth.service - login with username: yoni
Thu, 24 Sep 2020 16:48:53 GMT - Info - Server is running on port: 3030
Thu, 24 Sep 2020 16:49:29 GMT - Info - Server is running on port: 3030
Thu, 24 Sep 2020 16:49:34 GMT - Info - Server is running on port: 3030
Thu, 24 Sep 2020 16:49:37 GMT - Info - Server is running on port: 3030
Thu, 24 Sep 2020 16:50:16 GMT - Info - Server is running on port: 3030
Thu, 24 Sep 2020 16:52:28 GMT - Info - Server is running on port: 3030
Thu, 24 Sep 2020 16:53:33 GMT - Info - Server is running on port: 3030
Thu, 24 Sep 2020 16:53:42 GMT - Info - Server is running on port: 3030
Thu, 24 Sep 2020 16:54:02 GMT - Info - Server is running on port: 3030
Thu, 24 Sep 2020 16:54:42 GMT - Info - Server is running on port: 3030
Thu, 24 Sep 2020 16:55:02 GMT - Info - Server is running on port: 3030
Thu, 24 Sep 2020 16:55:10 GMT - Info - Server is running on port: 3030
Thu, 24 Sep 2020 16:56:13 GMT - Info - Server is running on port: 3030
Thu, 24 Sep 2020 16:56:16 GMT - Info - Server is running on port: 3030
Thu, 24 Sep 2020 16:56:37 GMT - Info - Server is running on port: 3030
Thu, 24 Sep 2020 16:56:40 GMT - Info - Server is running on port: 3030
Thu, 24 Sep 2020 16:59:43 GMT - Info - Server is running on port: 3030
Thu, 24 Sep 2020 16:59:45 GMT - Error - {}
Thu, 24 Sep 2020 16:59:57 GMT - Info - Server is running on port: 3030
Thu, 24 Sep 2020 16:59:59 GMT - Info - Server is running on port: 3030
Thu, 24 Sep 2020 17:00:01 GMT - Info - Server is running on port: 3030
Thu, 24 Sep 2020 17:02:07 GMT - Info - Server is running on port: 3030
Thu, 24 Sep 2020 17:02:14 GMT - Info - Server is running on port: 3030
Thu, 24 Sep 2020 17:02:27 GMT - Info - Server is running on port: 3030
Thu, 24 Sep 2020 17:03:32 GMT - Info - Server is running on port: 3030
Thu, 24 Sep 2020 17:03:37 GMT - Info - Server is running on port: 3030
Thu, 24 Sep 2020 17:04:03 GMT - Info - Server is running on port: 3030
Thu, 24 Sep 2020 17:13:16 GMT - Error - {}
Thu, 24 Sep 2020 17:13:16 GMT - Error - {}
Thu, 24 Sep 2020 17:15:47 GMT - Debug - auth.service - login with username: yoni
Thu, 24 Sep 2020 19:05:01 GMT - Error - {}
Thu, 24 Sep 2020 19:05:01 GMT - Error - {}
Thu, 24 Sep 2020 19:05:36 GMT - Debug - auth.service - login with username: yoni
Thu, 24 Sep 2020 19:32:17 GMT - Info - Server is running on port: 3030
Thu, 24 Sep 2020 19:32:40 GMT - Error - {}
Thu, 24 Sep 2020 19:32:40 GMT - Error - {}
Thu, 24 Sep 2020 19:32:46 GMT - Debug - yoni, 1234
Thu, 24 Sep 2020 19:32:46 GMT - Debug - auth.service - signup with userName: yoni
Thu, 24 Sep 2020 19:32:46 GMT - Debug - auth.route - new account created: {"userName":"yoni","forms":[],"_id":"5f6cf45e5a1804117dd18231"}
Thu, 24 Sep 2020 19:32:46 GMT - Debug - auth.service - login with username: yoni
Thu, 24 Sep 2020 19:32:47 GMT - Error - {}
Thu, 24 Sep 2020 19:32:47 GMT - Error - {}
Thu, 24 Sep 2020 19:33:07 GMT - Error - {}
Thu, 24 Sep 2020 19:33:07 GMT - Error - {}
Thu, 24 Sep 2020 19:33:44 GMT - Error - {}
Thu, 24 Sep 2020 19:33:44 GMT - Error - {}
Thu, 24 Sep 2020 19:34:17 GMT - Error - {}
Thu, 24 Sep 2020 19:34:17 GMT - Error - {}
Thu, 24 Sep 2020 19:34:21 GMT - Error - {}
Thu, 24 Sep 2020 19:34:21 GMT - Error - {}
Thu, 24 Sep 2020 19:34:22 GMT - Error - {}
Thu, 24 Sep 2020 19:34:22 GMT - Error - {}
Thu, 24 Sep 2020 19:34:46 GMT - Info - Server is running on port: 3030
Thu, 24 Sep 2020 19:35:05 GMT - Error - {}
Thu, 24 Sep 2020 19:35:05 GMT - Error - {}
Thu, 24 Sep 2020 19:37:04 GMT - Info - Server is running on port: 3030
Thu, 24 Sep 2020 19:37:04 GMT - Error - {}
Thu, 24 Sep 2020 19:37:04 GMT - Error - {}
Thu, 24 Sep 2020 19:37:06 GMT - Info - Server is running on port: 3030
Thu, 24 Sep 2020 19:37:08 GMT - Info - Server is running on port: 3030
Thu, 24 Sep 2020 19:37:10 GMT - Info - Server is running on port: 3030
Thu, 24 Sep 2020 19:37:12 GMT - Info - Server is running on port: 3030
Thu, 24 Sep 2020 19:37:14 GMT - Error - {}
Thu, 24 Sep 2020 19:37:14 GMT - Error - {}
Thu, 24 Sep 2020 19:38:05 GMT - Info - Server is running on port: 3030
Thu, 24 Sep 2020 19:38:06 GMT - Error - {}
Thu, 24 Sep 2020 19:38:06 GMT - Error - {}
Thu, 24 Sep 2020 19:38:08 GMT - Info - Server is running on port: 3030
Thu, 24 Sep 2020 19:38:09 GMT - Info - Server is running on port: 3030
Thu, 24 Sep 2020 19:38:10 GMT - Info - Server is running on port: 3030
Thu, 24 Sep 2020 19:38:12 GMT - Info - Server is running on port: 3030
Thu, 24 Sep 2020 19:38:14 GMT - Error - {}
Thu, 24 Sep 2020 19:38:14 GMT - Error - {}
Thu, 24 Sep 2020 19:38:26 GMT - Info - Server is running on port: 3030
Thu, 24 Sep 2020 19:38:27 GMT - Error - {}
Thu, 24 Sep 2020 19:38:27 GMT - Error - {}
Thu, 24 Sep 2020 19:38:28 GMT - Info - Server is running on port: 3030
Thu, 24 Sep 2020 19:38:41 GMT - Info - Server is running on port: 3030
Thu, 24 Sep 2020 19:38:59 GMT - Error - {}
Thu, 24 Sep 2020 19:38:59 GMT - Error - {}
Thu, 24 Sep 2020 19:39:13 GMT - Info - Server is running on port: 3030
Thu, 24 Sep 2020 19:39:13 GMT - Error - {}
Thu, 24 Sep 2020 19:39:13 GMT - Error - {}
Thu, 24 Sep 2020 19:39:29 GMT - Error - {}
Thu, 24 Sep 2020 19:39:29 GMT - Error - {}
Thu, 24 Sep 2020 19:41:06 GMT - Info - Server is running on port: 3030
Thu, 24 Sep 2020 19:41:06 GMT - Error - {}
Thu, 24 Sep 2020 19:41:06 GMT - Error - {}
Thu, 24 Sep 2020 19:41:08 GMT - Info - Server is running on port: 3030
Thu, 24 Sep 2020 19:42:07 GMT - Info - Server is running on port: 3030
Thu, 24 Sep 2020 19:42:13 GMT - Info - Server is running on port: 3030
Thu, 24 Sep 2020 19:42:16 GMT - Error - {}
Thu, 24 Sep 2020 19:42:16 GMT - Error - {}
Thu, 24 Sep 2020 19:44:16 GMT - Error - {}
Thu, 24 Sep 2020 19:44:16 GMT - Error - {}
Thu, 24 Sep 2020 19:47:00 GMT - Info - Server is running on port: 3030
Thu, 24 Sep 2020 19:47:05 GMT - Info - Server is running on port: 3030
Thu, 24 Sep 2020 19:47:37 GMT - Info - Server is running on port: 3030
Thu, 24 Sep 2020 19:47:40 GMT - Info - Server is running on port: 3030
Thu, 24 Sep 2020 19:48:01 GMT - Info - Server is running on port: 3030
Thu, 24 Sep 2020 19:49:25 GMT - Info - Server is running on port: 3030
Thu, 24 Sep 2020 19:49:27 GMT - Info - Server is running on port: 3030
Thu, 24 Sep 2020 19:49:31 GMT - Info - Server is running on port: 3030
Thu, 24 Sep 2020 23:59:01 GMT - Error - {}
Thu, 24 Sep 2020 23:59:01 GMT - Error - {}
Thu, 24 Sep 2020 23:59:10 GMT - Debug - auth.service - login with username: yoni
Fri, 25 Sep 2020 13:14:05 GMT - Info - Server is running on port: 3030
Fri, 25 Sep 2020 13:16:39 GMT - Error - {}
Fri, 25 Sep 2020 13:16:39 GMT - Error - {}
Fri, 25 Sep 2020 13:18:39 GMT - Error - {}
Fri, 25 Sep 2020 13:18:39 GMT - Error - {}
Fri, 25 Sep 2020 14:52:13 GMT - Debug - auth.service - login with username: yoni
Fri, 25 Sep 2020 14:52:40 GMT - Error - {}
Fri, 25 Sep 2020 14:52:40 GMT - Error - {}
Sat, 26 Sep 2020 17:53:02 GMT - Info - Server is running on port: 3030
Sat, 26 Sep 2020 17:54:41 GMT - Error - {}
Sat, 26 Sep 2020 17:54:41 GMT - Error - {}
Sat, 26 Sep 2020 17:56:41 GMT - Error - {}
Sat, 26 Sep 2020 17:56:41 GMT - Error - {}
Sat, 26 Sep 2020 20:27:14 GMT - Debug - auth.service - login with username: yoni
Sat, 26 Sep 2020 20:27:25 GMT - Error - {}
Sat, 26 Sep 2020 20:27:25 GMT - Error - {}
Sat, 26 Sep 2020 20:27:30 GMT - Debug - auth.service - login with username: 1234
Sat, 26 Sep 2020 20:27:33 GMT - Debug - auth.service - login with username: 1234
Sat, 26 Sep 2020 20:27:35 GMT - Debug - auth.service - login with username: 1234
Sat, 26 Sep 2020 20:28:28 GMT - Debug - auth.service - login with username: sadasd
Sat, 26 Sep 2020 20:28:32 GMT - Debug - auth.service - login with username: sadasd
Sat, 26 Sep 2020 20:28:52 GMT - Debug - auth.service - login with username: asdasd
Sat, 26 Sep 2020 20:29:17 GMT - Debug - auth.service - login with username: asdasd
Sat, 26 Sep 2020 20:29:29 GMT - Debug - auth.service - login with username: asdasd
Sat, 26 Sep 2020 20:29:43 GMT - Debug - auth.service - login with username: sdasd
Sat, 26 Sep 2020 20:30:45 GMT - Debug - auth.service - login with username: asdasd
Sat, 26 Sep 2020 20:31:26 GMT - Debug - auth.service - login with username: asdasd
Sat, 26 Sep 2020 20:33:48 GMT - Debug - auth.service - login with username: asdasdsdasd
Sat, 26 Sep 2020 20:34:03 GMT - Debug - auth.service - login with username: asdasdsdasd
Sat, 26 Sep 2020 20:34:42 GMT - Debug - auth.service - login with username: asdasdsdasd
Sat, 26 Sep 2020 20:37:04 GMT - Debug - auth.service - login with username: asdasdsdasd
Sat, 26 Sep 2020 20:37:09 GMT - Debug - auth.service - login with username: asdasdsdasd
Sun, 27 Sep 2020 02:09:03 GMT - Info - Server is running on port: 3030
Sun, 27 Sep 2020 02:10:40 GMT - Error - {}
Sun, 27 Sep 2020 02:10:40 GMT - Error - {}
Sun, 27 Sep 2020 02:12:40 GMT - Error - {}
Sun, 27 Sep 2020 02:12:40 GMT - Error - {}
Sun, 27 Sep 2020 11:20:09 GMT - Info - Server is running on port: 3030
Sun, 27 Sep 2020 11:27:19 GMT - Error - {}
Sun, 27 Sep 2020 11:27:19 GMT - Error - {}
Sun, 27 Sep 2020 11:29:19 GMT - Error - {}
Sun, 27 Sep 2020 11:29:19 GMT - Error - {}
Sun, 27 Sep 2020 12:00:18 GMT - Debug - auth.service - login with username: yoni
Sun, 27 Sep 2020 12:01:28 GMT - Error - {}
Sun, 27 Sep 2020 12:01:28 GMT - Error - {}
Sun, 27 Sep 2020 12:01:37 GMT - Debug - auth.service - login with username: asdasd
Sun, 27 Sep 2020 12:01:50 GMT - Debug - auth.service - login with username: asdasd
Sun, 27 Sep 2020 12:03:28 GMT - Error - {}
Sun, 27 Sep 2020 12:03:28 GMT - Error - {}
Sun, 27 Sep 2020 12:06:12 GMT - Debug - auth.service - login with username: asdas
Sun, 27 Sep 2020 12:06:20 GMT - Debug - auth.service - login with username: yoni
Sun, 27 Sep 2020 12:15:47 GMT - Error - {}
Sun, 27 Sep 2020 12:15:47 GMT - Error - {}
Sun, 27 Sep 2020 12:16:34 GMT - Error - {}
Sun, 27 Sep 2020 12:16:34 GMT - Error - {}
Sun, 27 Sep 2020 13:26:05 GMT - Info - Server is running on port: 3030
Sun, 27 Sep 2020 13:27:15 GMT - Error - {}
Sun, 27 Sep 2020 13:27:15 GMT - Error - {}
Sun, 27 Sep 2020 13:27:43 GMT - Debug - auth.service - login with username: yoni
Tue, 29 Sep 2020 09:35:14 GMT - Info - Server is running on port: 3030
Tue, 29 Sep 2020 09:39:17 GMT - Info - Server is running on port: 3030
Tue, 29 Sep 2020 09:42:05 GMT - Info - Server is running on port: 3030
Tue, 29 Sep 2020 09:42:29 GMT - Error - {}
Tue, 29 Sep 2020 09:42:29 GMT - Error - {}
Tue, 29 Sep 2020 09:43:32 GMT - Debug - auth.service - login with username: yoni
Tue, 29 Sep 2020 09:44:29 GMT - Error - {}
Tue, 29 Sep 2020 09:44:29 GMT - Error - {}
Tue, 29 Sep 2020 10:43:34 GMT - Error - {}
Tue, 29 Sep 2020 10:43:34 GMT - Error - {}
Tue, 29 Sep 2020 10:43:41 GMT - Debug - auth.service - login with username: yoni
Tue, 29 Sep 2020 10:45:34 GMT - Error - {}
Tue, 29 Sep 2020 10:45:34 GMT - Error - {}
Tue, 29 Sep 2020 15:40:08 GMT - Info - Server is running on port: 3030
Tue, 29 Sep 2020 17:22:27 GMT - Error - {}
Tue, 29 Sep 2020 17:22:27 GMT - Error - {}
Tue, 29 Sep 2020 17:22:35 GMT - Debug - auth.service - login with username: yoni
Tue, 29 Sep 2020 18:23:06 GMT - Error - {}
Tue, 29 Sep 2020 18:23:06 GMT - Error - {}
Tue, 29 Sep 2020 18:23:14 GMT - Debug - yoni, 1234
Tue, 29 Sep 2020 18:23:14 GMT - Debug - auth.service - signup with userName: yoni
Tue, 29 Sep 2020 18:23:14 GMT - Debug - auth.route - new account created: {"userName":"yoni","forms":[],"_id":"5f737b92b49cb38264a4c2b6"}
Tue, 29 Sep 2020 18:23:14 GMT - Debug - auth.service - login with username: yoni
Tue, 29 Sep 2020 18:23:14 GMT - Error - {}
Tue, 29 Sep 2020 18:23:14 GMT - Error - {}
Tue, 29 Sep 2020 18:27:04 GMT - Info - Server is running on port: 3030
Tue, 29 Sep 2020 19:08:13 GMT - Error - {}
Tue, 29 Sep 2020 19:08:13 GMT - Error - {}
Tue, 29 Sep 2020 19:08:13 GMT - Error - {}
Tue, 29 Sep 2020 19:09:26 GMT - Error - {}
Tue, 29 Sep 2020 19:09:26 GMT - Error - {}
Tue, 29 Sep 2020 19:09:26 GMT - Error - {}
Tue, 29 Sep 2020 19:10:03 GMT - Error - {}
Tue, 29 Sep 2020 19:10:03 GMT - Error - {}
Tue, 29 Sep 2020 19:10:03 GMT - Error - {}
Tue, 29 Sep 2020 19:10:48 GMT - Error - {}
Tue, 29 Sep 2020 19:10:48 GMT - Error - {}
Tue, 29 Sep 2020 19:10:48 GMT - Error - {}
Tue, 29 Sep 2020 19:11:27 GMT - Error - {}
Tue, 29 Sep 2020 19:11:27 GMT - Error - {}
Tue, 29 Sep 2020 19:11:27 GMT - Error - {}
Tue, 29 Sep 2020 19:11:37 GMT - Error - {}
Tue, 29 Sep 2020 19:11:37 GMT - Error - {}
Tue, 29 Sep 2020 19:11:37 GMT - Error - {}
Tue, 29 Sep 2020 19:11:46 GMT - Error - {}
Tue, 29 Sep 2020 19:11:46 GMT - Error - {}
Tue, 29 Sep 2020 19:11:46 GMT - Error - {}
Tue, 29 Sep 2020 19:11:54 GMT - Info - Server is running on port: 3030
Tue, 29 Sep 2020 19:11:54 GMT - Error - {}
Tue, 29 Sep 2020 19:11:54 GMT - Error - {}
Tue, 29 Sep 2020 19:11:54 GMT - Error - {}
Tue, 29 Sep 2020 19:11:56 GMT - Info - Server is running on port: 3030
Tue, 29 Sep 2020 19:11:59 GMT - Info - Server is running on port: 3030
Tue, 29 Sep 2020 19:12:02 GMT - Error - {}
Tue, 29 Sep 2020 19:12:02 GMT - Error - {}
Tue, 29 Sep 2020 19:12:02 GMT - Error - {}
Tue, 29 Sep 2020 19:15:30 GMT - Error - {}
Tue, 29 Sep 2020 19:15:30 GMT - Error - {}
Tue, 29 Sep 2020 19:15:35 GMT - Debug - yoni, 1234
Tue, 29 Sep 2020 19:15:35 GMT - Debug - auth.service - signup with userName: yoni
Tue, 29 Sep 2020 19:15:35 GMT - Debug - auth.route - new account created: {"userName":"yoni","forms":[],"_id":"5f7387d7704fa2849405c0fb"}
Tue, 29 Sep 2020 19:15:35 GMT - Debug - auth.service - login with username: yoni
Tue, 29 Sep 2020 19:15:35 GMT - Error - {}
Tue, 29 Sep 2020 19:15:35 GMT - Error - {}
Tue, 29 Sep 2020 19:27:22 GMT - Info - Server is running on port: 3030
Tue, 29 Sep 2020 19:28:23 GMT - Info - Server is running on port: 3030
Tue, 29 Sep 2020 20:16:57 GMT - Error - {}
Tue, 29 Sep 2020 20:16:57 GMT - Error - {}
Tue, 29 Sep 2020 20:17:02 GMT - Debug - auth.service - login with username: yoni
Wed, 30 Sep 2020 06:58:07 GMT - Info - Server is running on port: 3030
Wed, 30 Sep 2020 06:59:21 GMT - Error - {}
Wed, 30 Sep 2020 06:59:21 GMT - Error - {}
Wed, 30 Sep 2020 06:59:29 GMT - Debug - auth.service - login with username: yoni
Wed, 30 Sep 2020 07:01:21 GMT - Error - {}
Wed, 30 Sep 2020 07:01:21 GMT - Error - {}
Wed, 30 Sep 2020 07:08:54 GMT - Info - Server is running on port: 3030
Wed, 30 Sep 2020 08:01:29 GMT - Error - {}
Wed, 30 Sep 2020 08:01:29 GMT - Error - {}
Wed, 30 Sep 2020 08:28:22 GMT - Debug - auth.service - login with username: yoni
Wed, 30 Sep 2020 09:38:58 GMT - Error - {}
Wed, 30 Sep 2020 09:38:58 GMT - Error - {}
Wed, 30 Sep 2020 09:39:14 GMT - Debug - auth.service - login with username: yoni
Wed, 30 Sep 2020 09:41:51 GMT - Error - {}
Wed, 30 Sep 2020 09:41:51 GMT - Error - {}
Wed, 30 Sep 2020 09:41:54 GMT - Debug - auth.service - login with username: yoni
Wed, 30 Sep 2020 11:00:48 GMT - Info - Server is running on port: 3030
Mon, 05 Oct 2020 18:00:02 GMT - Info - Server is running on port: 3030
Mon, 05 Oct 2020 18:01:04 GMT - Info - Server is running on port: 3030
Mon, 05 Oct 2020 18:01:52 GMT - Info - Server is running on port: 3030
Mon, 05 Oct 2020 18:02:18 GMT - Info - Server is running on port: 3030
Mon, 05 Oct 2020 18:03:30 GMT - Info - Server is running on port: 3030
Mon, 05 Oct 2020 18:05:02 GMT - Info - Server is running on port: 3030
Mon, 05 Oct 2020 18:05:29 GMT - Info - Server is running on port: 3030
Mon, 05 Oct 2020 18:07:31 GMT - Info - Server is running on port: 3030
Mon, 05 Oct 2020 18:08:53 GMT - Info - Server is running on port: 3030
Mon, 05 Oct 2020 18:09:19 GMT - Info - Server is running on port: 3030
Mon, 05 Oct 2020 18:10:39 GMT - Info - Server is running on port: 3030
Mon, 05 Oct 2020 18:13:00 GMT - Info - Server is running on port: 3030
Mon, 05 Oct 2020 18:13:15 GMT - Info - Server is running on port: 3030
Mon, 05 Oct 2020 18:15:23 GMT - Info - Server is running on port: 3030
Mon, 05 Oct 2020 18:35:38 GMT - Info - Server is running on port: 3030
Mon, 05 Oct 2020 18:36:09 GMT - Info - Server is running on port: 3030
Mon, 05 Oct 2020 19:46:15 GMT - Error - {}
Mon, 05 Oct 2020 19:46:21 GMT - Error - {}
Mon, 05 Oct 2020 19:47:28 GMT - Error - {}
Mon, 05 Oct 2020 19:48:43 GMT - Error - {}
Mon, 05 Oct 2020 19:55:06 GMT - Info - Server is running on port: 3030
Mon, 05 Oct 2020 19:56:34 GMT - Info - Server is running on port: 3030
Mon, 05 Oct 2020 19:57:42 GMT - Info - Server is running on port: 3030
Mon, 05 Oct 2020 19:58:59 GMT - Info - Server is running on port: 3030
Mon, 05 Oct 2020 19:59:37 GMT - Info - Server is running on port: 3030
Mon, 05 Oct 2020 20:03:06 GMT - Info - Server is running on port: 3030
Mon, 05 Oct 2020 20:03:33 GMT - Info - Server is running on port: 3030
Mon, 05 Oct 2020 20:03:57 GMT - Info - Server is running on port: 3030
Mon, 05 Oct 2020 20:04:11 GMT - Info - Server is running on port: 3030
Mon, 05 Oct 2020 20:08:40 GMT - Info - Server is running on port: 3030
Mon, 05 Oct 2020 20:10:42 GMT - Info - Server is running on port: 3030
Mon, 05 Oct 2020 20:12:05 GMT - Info - Server is running on port: 3030
Mon, 05 Oct 2020 20:23:45 GMT - Info - Server is running on port: 3030
Mon, 05 Oct 2020 20:24:30 GMT - Info - Server is running on port: 3030
Mon, 05 Oct 2020 20:26:27 GMT - Info - Server is running on port: 3030
Mon, 05 Oct 2020 20:27:42 GMT - Info - Server is running on port: 3030
Mon, 05 Oct 2020 20:29:51 GMT - Info - Server is running on port: 3030
Mon, 05 Oct 2020 20:31:31 GMT - Info - Server is running on port: 3030
Mon, 05 Oct 2020 20:32:04 GMT - Info - Server is running on port: 3030
Mon, 05 Oct 2020 20:36:31 GMT - Info - Server is running on port: 3030
Mon, 05 Oct 2020 20:41:41 GMT - Info - Server is running on port: 3030
Mon, 05 Oct 2020 20:49:29 GMT - Info - Server is running on port: 3030
Mon, 05 Oct 2020 20:56:22 GMT - Info - Server is running on port: 3030
Mon, 05 Oct 2020 20:58:44 GMT - Info - Server is running on port: 3030
Mon, 05 Oct 2020 21:01:41 GMT - Info - Server is running on port: 3030
Mon, 05 Oct 2020 21:02:33 GMT - Info - Server is running on port: 3030
Mon, 05 Oct 2020 21:04:14 GMT - Info - Server is running on port: 3030
Mon, 05 Oct 2020 21:04:49 GMT - Info - Server is running on port: 3030
Mon, 05 Oct 2020 21:05:28 GMT - Info - Server is running on port: 3030
Mon, 05 Oct 2020 21:05:58 GMT - Info - Server is running on port: 3030
Mon, 05 Oct 2020 21:09:39 GMT - Info - Server is running on port: 3030
Mon, 05 Oct 2020 21:10:04 GMT - Info - Server is running on port: 3030
Mon, 05 Oct 2020 21:12:48 GMT - Info - Server is running on port: 3030
Mon, 05 Oct 2020 21:15:57 GMT - Info - Server is running on port: 3030
Mon, 05 Oct 2020 21:17:38 GMT - Info - Server is running on port: 3030
Mon, 05 Oct 2020 21:19:49 GMT - Info - Server is running on port: 3030
Mon, 05 Oct 2020 21:20:50 GMT - Info - Server is running on port: 3030
Mon, 05 Oct 2020 21:21:25 GMT - Info - Server is running on port: 3030
Mon, 05 Oct 2020 21:21:49 GMT - Info - Server is running on port: 3030
Mon, 05 Oct 2020 21:31:20 GMT - Info - Server is running on port: 3030
Mon, 05 Oct 2020 21:35:26 GMT - Info - Server is running on port: 3030
Mon, 05 Oct 2020 21:39:35 GMT - Info - Server is running on port: 3030
Mon, 05 Oct 2020 21:40:38 GMT - Info - Server is running on port: 3030
Mon, 05 Oct 2020 21:47:56 GMT - Info - Server is running on port: 3030
Mon, 05 Oct 2020 21:48:30 GMT - Info - Server is running on port: 3030
Mon, 05 Oct 2020 22:08:54 GMT - Info - Server is running on port: 3030
Mon, 05 Oct 2020 22:11:22 GMT - Info - Server is running on port: 3030
Mon, 05 Oct 2020 22:17:05 GMT - Info - Server is running on port: 3030
Mon, 05 Oct 2020 22:17:40 GMT - Info - Server is running on port: 3030
Mon, 05 Oct 2020 22:18:01 GMT - Info - Server is running on port: 3030
Mon, 05 Oct 2020 22:18:39 GMT - Info - Server is running on port: 3030
Mon, 05 Oct 2020 22:20:00 GMT - Info - Server is running on port: 3030
Mon, 05 Oct 2020 22:20:59 GMT - Info - Server is running on port: 3030
Mon, 05 Oct 2020 22:28:02 GMT - Info - Server is running on port: 3030
Mon, 05 Oct 2020 22:31:25 GMT - Info - Server is running on port: 3030
Mon, 05 Oct 2020 22:33:12 GMT - Info - Server is running on port: 3030
Mon, 05 Oct 2020 22:34:02 GMT - Info - Server is running on port: 3030
Mon, 05 Oct 2020 22:34:30 GMT - Info - Server is running on port: 3030
Mon, 05 Oct 2020 22:35:21 GMT - Info - Server is running on port: 3030
Mon, 05 Oct 2020 22:35:50 GMT - Info - Server is running on port: 3030
Tue, 06 Oct 2020 07:01:00 GMT - Info - Server is running on port: 3030
Tue, 06 Oct 2020 07:10:21 GMT - Info - Server is running on port: 3030
Tue, 06 Oct 2020 07:11:06 GMT - Info - Server is running on port: 3030
Tue, 06 Oct 2020 07:24:04 GMT - Info - Server is running on port: 3030
Tue, 06 Oct 2020 07:25:23 GMT - Info - Server is running on port: 3030
Tue, 06 Oct 2020 07:51:06 GMT - Info - Server is running on port: 3030
Tue, 06 Oct 2020 07:55:24 GMT - Error - {}
Tue, 06 Oct 2020 07:55:29 GMT - Error - {}
Tue, 06 Oct 2020 07:55:57 GMT - Info - Server is running on port: 3030
Tue, 06 Oct 2020 07:55:57 GMT - Error - {}
Tue, 06 Oct 2020 07:56:20 GMT - Info - Server is running on port: 3030
Tue, 06 Oct 2020 07:57:02 GMT - Info - Server is running on port: 3030
Tue, 06 Oct 2020 07:57:12 GMT - Error - {}
Tue, 06 Oct 2020 07:57:42 GMT - Info - Server is running on port: 3030
Tue, 06 Oct 2020 08:01:04 GMT - Info - Server is running on port: 3030
Tue, 06 Oct 2020 08:01:30 GMT - Info - Server is running on port: 3030
Tue, 06 Oct 2020 08:02:33 GMT - Info - Server is running on port: 3030
Tue, 06 Oct 2020 08:03:26 GMT - Info - Server is running on port: 3030
Tue, 06 Oct 2020 08:03:58 GMT - Info - Server is running on port: 3030
Tue, 06 Oct 2020 08:04:57 GMT - Info - Server is running on port: 3030
Tue, 06 Oct 2020 08:06:47 GMT - Info - Server is running on port: 3030
Tue, 06 Oct 2020 08:12:23 GMT - Info - Server is running on port: 3030
Tue, 06 Oct 2020 08:13:49 GMT - Info - Server is running on port: 3030
Tue, 06 Oct 2020 08:16:15 GMT - Info - Server is running on port: 3030
Tue, 06 Oct 2020 08:32:54 GMT - Error - {}
Tue, 06 Oct 2020 08:35:50 GMT - Info - Server is running on port: 3030
Tue, 06 Oct 2020 08:39:07 GMT - Info - Server is running on port: 3030
Tue, 06 Oct 2020 08:43:31 GMT - Info - Server is running on port: 3030
Tue, 06 Oct 2020 08:47:52 GMT - Info - Server is running on port: 3030
Tue, 06 Oct 2020 08:48:54 GMT - Info - Server is running on port: 3030
Tue, 06 Oct 2020 08:50:04 GMT - Info - Server is running on port: 3030
Tue, 06 Oct 2020 08:51:24 GMT - Info - Server is running on port: 3030
Tue, 06 Oct 2020 08:51:50 GMT - Info - Server is running on port: 3030
Tue, 06 Oct 2020 08:53:46 GMT - Info - Server is running on port: 3030
Tue, 06 Oct 2020 08:54:34 GMT - Info - Server is running on port: 3030
Tue, 06 Oct 2020 08:55:21 GMT - Info - Server is running on port: 3030
Tue, 06 Oct 2020 08:57:37 GMT - Info - Server is running on port: 3030
Tue, 06 Oct 2020 08:58:20 GMT - Info - Server is running on port: 3030
Tue, 06 Oct 2020 08:59:40 GMT - Info - Server is running on port: 3030
Tue, 06 Oct 2020 09:02:00 GMT - Info - Server is running on port: 3030
Tue, 06 Oct 2020 09:02:19 GMT - Info - Server is running on port: 3030
Tue, 06 Oct 2020 09:02:39 GMT - Info - Server is running on port: 3030
Tue, 06 Oct 2020 09:10:55 GMT - Info - Server is running on port: 3030
Tue, 06 Oct 2020 09:18:34 GMT - Error - {}
Tue, 06 Oct 2020 09:18:46 GMT - Info - Server is running on port: 3030
Tue, 06 Oct 2020 09:19:05 GMT - Info - Server is running on port: 3030
Tue, 06 Oct 2020 09:22:47 GMT - Info - Server is running on port: 3030
Tue, 06 Oct 2020 09:26:56 GMT - Info - Server is running on port: 3030
Tue, 06 Oct 2020 09:30:06 GMT - Info - Server is running on port: 3030
Tue, 06 Oct 2020 09:31:05 GMT - Info - Server is running on port: 3030
Tue, 06 Oct 2020 13:01:29 GMT - Info - Server is running on port: 3030
Tue, 06 Oct 2020 13:01:44 GMT - Info - Server is running on port: 3030
Tue, 06 Oct 2020 13:02:30 GMT - Info - Server is running on port: 3030
Tue, 06 Oct 2020 14:24:32 GMT - Info - Server is running on port: 3030
Thu, 08 Oct 2020 09:59:22 GMT - Info - Server is running on port: 3030
Thu, 08 Oct 2020 10:20:51 GMT - Info - Server is running on port: 3030
Thu, 08 Oct 2020 11:07:00 GMT - Info - Server is running on port: 3030
Thu, 08 Oct 2020 11:07:04 GMT - Info - Server is running on port: 3030
Thu, 08 Oct 2020 14:04:54 GMT - Info - Server is running on port: 3030
Thu, 08 Oct 2020 14:05:06 GMT - Info - Server is running on port: 3030
Thu, 08 Oct 2020 14:06:06 GMT - Info - Server is running on port: 3030
Thu, 08 Oct 2020 14:06:19 GMT - Info - Server is running on port: 3030
Thu, 08 Oct 2020 14:06:34 GMT - Info - Server is running on port: 3030
Thu, 08 Oct 2020 14:06:50 GMT - Info - Server is running on port: 3030
Thu, 08 Oct 2020 14:06:52 GMT - Info - Server is running on port: 3030
Thu, 08 Oct 2020 17:04:52 GMT - Info - Server is running on port: 3030
Fri, 09 Oct 2020 10:08:42 GMT - Info - Server is running on port: 3030
Fri, 09 Oct 2020 10:11:13 GMT - Info - Server is running on port: 3030
Fri, 09 Oct 2020 10:11:53 GMT - Info - Server is running on port: 3030
Fri, 09 Oct 2020 10:14:40 GMT - Info - Server is running on port: 3030
Fri, 09 Oct 2020 10:16:14 GMT - Info - Server is running on port: 3030
Fri, 09 Oct 2020 10:19:24 GMT - Info - Server is running on port: 3030
Fri, 09 Oct 2020 10:19:39 GMT - Info - Server is running on port: 3030
Fri, 09 Oct 2020 10:19:44 GMT - Info - Server is running on port: 3030
Fri, 09 Oct 2020 10:21:23 GMT - Info - Server is running on port: 3030
Fri, 09 Oct 2020 10:21:28 GMT - Info - Server is running on port: 3030
Fri, 09 Oct 2020 10:21:29 GMT - Info - Server is running on port: 3030
Fri, 09 Oct 2020 10:21:56 GMT - Info - Server is running on port: 3030
Fri, 09 Oct 2020 10:22:36 GMT - Info - Server is running on port: 3030
Fri, 09 Oct 2020 10:23:00 GMT - Info - Server is running on port: 3030
Fri, 09 Oct 2020 10:23:03 GMT - Info - Server is running on port: 3030
Fri, 09 Oct 2020 10:23:05 GMT - Info - Server is running on port: 3030
Fri, 09 Oct 2020 10:24:06 GMT - Info - Server is running on port: 3030
Fri, 09 Oct 2020 10:24:12 GMT - Info - Server is running on port: 3030
Fri, 09 Oct 2020 10:24:20 GMT - Info - Server is running on port: 3030
Fri, 09 Oct 2020 10:36:58 GMT - Info - Server is running on port: 3030
Fri, 09 Oct 2020 11:05:25 GMT - Info - Server is running on port: 3030
Fri, 09 Oct 2020 11:05:26 GMT - Info - Server is running on port: 3030
Fri, 09 Oct 2020 11:05:27 GMT - Info - Server is running on port: 3030
Fri, 09 Oct 2020 11:42:13 GMT - Info - Server is running on port: 3030
Fri, 09 Oct 2020 11:43:25 GMT - Info - Server is running on port: 3030
Fri, 09 Oct 2020 11:45:28 GMT - Info - Server is running on port: 3030
Fri, 09 Oct 2020 11:47:13 GMT - Info - Server is running on port: 3030
Fri, 09 Oct 2020 11:47:29 GMT - Info - Server is running on port: 3030
Fri, 09 Oct 2020 11:47:39 GMT - Info - Server is running on port: 3030
Fri, 09 Oct 2020 12:05:44 GMT - Info - Server is running on port: 3030
Fri, 09 Oct 2020 12:10:01 GMT - Info - Server is running on port: 3030
Fri, 09 Oct 2020 12:10:22 GMT - Debug - auth.service - login with username: undefined
Fri, 09 Oct 2020 12:10:45 GMT - Debug - auth.service - login with username: undefined
Fri, 09 Oct 2020 12:11:38 GMT - Info - Server is running on port: 3030
Fri, 09 Oct 2020 12:11:44 GMT - Info - Server is running on port: 3030
Fri, 09 Oct 2020 12:27:15 GMT - Debug - auth.service - login with username: yoni
Fri, 09 Oct 2020 12:27:56 GMT - Info - Server is running on port: 3030
Fri, 09 Oct 2020 12:28:07 GMT - Info - Server is running on port: 3030
Fri, 09 Oct 2020 12:28:50 GMT - Info - Server is running on port: 3030
Fri, 09 Oct 2020 12:28:51 GMT - Info - Server is running on port: 3030
Fri, 09 Oct 2020 12:28:58 GMT - Info - Server is running on port: 3030
Fri, 09 Oct 2020 12:29:14 GMT - Debug - auth.service - login with username: yoni
Fri, 09 Oct 2020 12:29:31 GMT - Info - Server is running on port: 3030
Fri, 09 Oct 2020 12:29:33 GMT - Info - Server is running on port: 3030
Fri, 09 Oct 2020 12:29:47 GMT - Debug - auth.service - login with username: yoni
Fri, 09 Oct 2020 12:30:19 GMT - Info - Server is running on port: 3030
Fri, 09 Oct 2020 12:30:21 GMT - Info - Server is running on port: 3030
Fri, 09 Oct 2020 12:30:28 GMT - Debug - auth.service - login with username: yoni
Fri, 09 Oct 2020 12:32:46 GMT - Info - Server is running on port: 3030
Fri, 09 Oct 2020 12:33:25 GMT - Info - Server is running on port: 3030
Fri, 09 Oct 2020 12:33:31 GMT - Info - Server is running on port: 3030
Fri, 09 Oct 2020 12:33:37 GMT - Debug - auth.service - login with username: yoni
Fri, 09 Oct 2020 12:34:00 GMT - Info - Server is running on port: 3030
Fri, 09 Oct 2020 12:34:31 GMT - Info - Server is running on port: 3030
Fri, 09 Oct 2020 12:35:08 GMT - Info - Server is running on port: 3030
Fri, 09 Oct 2020 12:35:10 GMT - Debug - auth.service - login with username: yoni
Fri, 09 Oct 2020 12:36:16 GMT - Info - Server is running on port: 3030
Fri, 09 Oct 2020 12:36:18 GMT - Debug - auth.service - login with username: yoni
Fri, 09 Oct 2020 12:36:29 GMT - Info - Server is running on port: 3030
Fri, 09 Oct 2020 12:37:30 GMT - Info - Server is running on port: 3030
Fri, 09 Oct 2020 12:37:34 GMT - Debug - auth.service - login with username: yoni
Fri, 09 Oct 2020 12:38:00 GMT - Info - Server is running on port: 3030
Fri, 09 Oct 2020 12:38:15 GMT - Debug - auth.service - login with username: yoni
Fri, 09 Oct 2020 12:38:40 GMT - Info - Server is running on port: 3030
Fri, 09 Oct 2020 12:38:41 GMT - Debug - auth.service - login with username: yoni
Fri, 09 Oct 2020 12:38:46 GMT - Info - Server is running on port: 3030
Fri, 09 Oct 2020 12:39:28 GMT - Info - Server is running on port: 3030
Fri, 09 Oct 2020 12:39:30 GMT - Info - Server is running on port: 3030
Fri, 09 Oct 2020 12:39:30 GMT - Info - Server is running on port: 3030
Fri, 09 Oct 2020 12:39:31 GMT - Info - Server is running on port: 3030
Fri, 09 Oct 2020 12:40:43 GMT - Debug - auth.service - login with username: yoni
Fri, 09 Oct 2020 12:41:12 GMT - Debug - auth.service - login with username: yoni
Fri, 09 Oct 2020 12:41:39 GMT - Info - Server is running on port: 3030
Fri, 09 Oct 2020 12:42:02 GMT - Info - Server is running on port: 3030
Fri, 09 Oct 2020 12:42:44 GMT - Info - Server is running on port: 3030
Fri, 09 Oct 2020 12:42:46 GMT - Debug - auth.service - login with username: yoni
Fri, 09 Oct 2020 12:42:54 GMT - Info - Server is running on port: 3030
Fri, 09 Oct 2020 12:43:54 GMT - Info - Server is running on port: 3030
Fri, 09 Oct 2020 12:43:59 GMT - Debug - auth.service - login with username: yoni
Fri, 09 Oct 2020 12:44:11 GMT - Info - Server is running on port: 3030
Fri, 09 Oct 2020 12:44:15 GMT - Info - Server is running on port: 3030
Fri, 09 Oct 2020 12:44:17 GMT - Debug - auth.service - login with username: yoni
Fri, 09 Oct 2020 12:44:21 GMT - Debug - auth.service - login with username: yoni
Fri, 09 Oct 2020 12:44:29 GMT - Info - Server is running on port: 3030
Fri, 09 Oct 2020 12:44:39 GMT - Info - Server is running on port: 3030
Fri, 09 Oct 2020 12:44:40 GMT - Debug - auth.service - login with username: yoni
Fri, 09 Oct 2020 12:44:50 GMT - Info - Server is running on port: 3030
Fri, 09 Oct 2020 12:44:58 GMT - Debug - auth.service - login with username: yoni
Fri, 09 Oct 2020 12:45:08 GMT - Info - Server is running on port: 3030
Fri, 09 Oct 2020 12:45:36 GMT - Info - Server is running on port: 3030
Fri, 09 Oct 2020 12:45:53 GMT - Info - Server is running on port: 3030
Fri, 09 Oct 2020 12:45:55 GMT - Info - Server is running on port: 3030
Fri, 09 Oct 2020 12:46:01 GMT - Info - Server is running on port: 3030
Fri, 09 Oct 2020 12:46:10 GMT - Debug - auth.service - login with username: yoni
Fri, 09 Oct 2020 12:46:23 GMT - Info - Server is running on port: 3030
Fri, 09 Oct 2020 12:46:48 GMT - Info - Server is running on port: 3030
Fri, 09 Oct 2020 12:46:50 GMT - Debug - auth.service - login with username: yoni
Fri, 09 Oct 2020 12:47:03 GMT - Info - Server is running on port: 3030
Fri, 09 Oct 2020 12:47:05 GMT - Debug - auth.service - login with username: yoni
Fri, 09 Oct 2020 12:47:18 GMT - Info - Server is running on port: 3030
Fri, 09 Oct 2020 12:47:19 GMT - Debug - auth.service - login with username: yoni
Fri, 09 Oct 2020 12:47:51 GMT - Info - Server is running on port: 3030
Fri, 09 Oct 2020 12:47:55 GMT - Debug - auth.service - login with username: yoni
Fri, 09 Oct 2020 12:48:08 GMT - Info - Server is running on port: 3030
Fri, 09 Oct 2020 12:48:09 GMT - Debug - auth.service - login with username: yoni
Fri, 09 Oct 2020 12:49:00 GMT - Info - Server is running on port: 3030
Fri, 09 Oct 2020 12:49:04 GMT - Debug - auth.service - login with username: yoni
Fri, 09 Oct 2020 13:03:23 GMT - Info - Server is running on port: 3030
Fri, 09 Oct 2020 13:03:26 GMT - Debug - auth.service - login with username: yoni
Fri, 09 Oct 2020 13:03:50 GMT - Info - Server is running on port: 3030
Fri, 09 Oct 2020 13:03:53 GMT - Debug - auth.service - login with username: yoni
Fri, 09 Oct 2020 13:04:58 GMT - Debug - auth.service - login with username: yoni
Fri, 09 Oct 2020 13:05:17 GMT - Info - Server is running on port: 3030
Fri, 09 Oct 2020 13:05:19 GMT - Debug - auth.service - login with username: yoni
Fri, 09 Oct 2020 13:05:31 GMT - Info - Server is running on port: 3030
Fri, 09 Oct 2020 13:05:33 GMT - Info - Server is running on port: 3030
Fri, 09 Oct 2020 13:05:43 GMT - Info - Server is running on port: 3030
Fri, 09 Oct 2020 13:05:44 GMT - Debug - auth.service - login with username: yoni
Fri, 09 Oct 2020 13:06:01 GMT - Info - Server is running on port: 3030
Fri, 09 Oct 2020 13:06:10 GMT - Info - Server is running on port: 3030
Fri, 09 Oct 2020 13:06:12 GMT - Debug - auth.service - login with username: yoni
Fri, 09 Oct 2020 13:06:25 GMT - Debug - auth.service - login with username: yoni
Fri, 09 Oct 2020 13:06:52 GMT - Info - Server is running on port: 3030
Fri, 09 Oct 2020 13:07:14 GMT - Info - Server is running on port: 3030
Fri, 09 Oct 2020 13:07:16 GMT - Debug - auth.service - login with username: yoni
Fri, 09 Oct 2020 13:07:31 GMT - Info - Server is running on port: 3030
Fri, 09 Oct 2020 13:07:34 GMT - Debug - auth.service - login with username: yoni
Fri, 09 Oct 2020 13:08:28 GMT - Info - Server is running on port: 3030
Fri, 09 Oct 2020 13:08:33 GMT - Debug - auth.service - login with username: yoni
Fri, 09 Oct 2020 13:09:09 GMT - Info - Server is running on port: 3030
Fri, 09 Oct 2020 13:09:12 GMT - Debug - auth.service - login with username: yoni
Fri, 09 Oct 2020 13:09:30 GMT - Info - Server is running on port: 3030
Fri, 09 Oct 2020 13:09:33 GMT - Debug - auth.service - login with username: yoni
Fri, 09 Oct 2020 13:13:28 GMT - Info - Server is running on port: 3030
Fri, 09 Oct 2020 13:13:30 GMT - Debug - auth.service - login with username: yoni
Fri, 09 Oct 2020 13:13:37 GMT - Info - Server is running on port: 3030
Fri, 09 Oct 2020 13:16:39 GMT - Debug - auth.service - login with username: yoni
Fri, 09 Oct 2020 13:16:59 GMT - Info - Server is running on port: 3030
Fri, 09 Oct 2020 13:17:11 GMT - Info - Server is running on port: 3030
Fri, 09 Oct 2020 13:17:13 GMT - Debug - auth.service - login with username: yoni
Fri, 09 Oct 2020 13:17:26 GMT - Info - Server is running on port: 3030
Fri, 09 Oct 2020 13:17:30 GMT - Info - Server is running on port: 3030
Fri, 09 Oct 2020 13:17:34 GMT - Info - Server is running on port: 3030
Fri, 09 Oct 2020 13:17:43 GMT - Debug - auth.service - login with username: yoni
Fri, 09 Oct 2020 13:17:56 GMT - Info - Server is running on port: 3030
Fri, 09 Oct 2020 13:17:57 GMT - Debug - auth.service - login with username: yoni
Fri, 09 Oct 2020 13:19:41 GMT - Info - Server is running on port: 3030
Fri, 09 Oct 2020 13:19:49 GMT - Debug - auth.service - login with username: yoni
Fri, 09 Oct 2020 13:23:23 GMT - Info - Server is running on port: 3030
Fri, 09 Oct 2020 13:23:32 GMT - Info - Server is running on port: 3030
Fri, 09 Oct 2020 13:23:39 GMT - Debug - auth.service - login with username: yoni
Fri, 09 Oct 2020 13:23:49 GMT - Info - Server is running on port: 3030
Fri, 09 Oct 2020 13:23:51 GMT - Debug - auth.service - login with username: yoni
Fri, 09 Oct 2020 13:24:33 GMT - Info - Server is running on port: 3030
Fri, 09 Oct 2020 13:24:35 GMT - Debug - auth.service - login with username: yoni
Fri, 09 Oct 2020 13:25:26 GMT - Info - Server is running on port: 3030
Fri, 09 Oct 2020 13:26:18 GMT - Info - Server is running on port: 3030
Fri, 09 Oct 2020 13:27:39 GMT - Debug - auth.service - login with username: yoni
Fri, 09 Oct 2020 13:28:09 GMT - Info - Server is running on port: 3030
Fri, 09 Oct 2020 13:28:12 GMT - Debug - auth.service - login with username: yoni
Fri, 09 Oct 2020 13:28:56 GMT - Debug - auth.service - login with username: yoni
Fri, 09 Oct 2020 13:29:44 GMT - Debug - auth.service - login with username: yoni
Fri, 09 Oct 2020 13:30:21 GMT - Info - Server is running on port: 3030
Fri, 09 Oct 2020 13:32:18 GMT - Info - Server is running on port: 3030
Fri, 09 Oct 2020 13:32:37 GMT - Debug - auth.service - login with username: yoni
Fri, 09 Oct 2020 13:33:23 GMT - Info - Server is running on port: 3030
Fri, 09 Oct 2020 13:33:25 GMT - Debug - auth.service - login with username: yoni
Fri, 09 Oct 2020 13:33:35 GMT - Info - Server is running on port: 3030
Fri, 09 Oct 2020 13:33:52 GMT - Info - Server is running on port: 3030
Fri, 09 Oct 2020 13:38:34 GMT - Info - Server is running on port: 3030
Fri, 09 Oct 2020 13:39:07 GMT - Debug - auth.service - login with username: yoni
Fri, 09 Oct 2020 13:39:59 GMT - Info - Server is running on port: 3030
Fri, 09 Oct 2020 13:40:45 GMT - Debug - auth.service - login with username: yoni
Fri, 09 Oct 2020 13:40:46 GMT - Debug - auth.service - login with username: yoni
Fri, 09 Oct 2020 13:40:46 GMT - Debug - auth.service - login with username: yoni
Fri, 09 Oct 2020 13:40:51 GMT - Debug - auth.service - login with username: yoni
Fri, 09 Oct 2020 13:40:51 GMT - Debug - auth.service - login with username: yoni
Fri, 09 Oct 2020 13:40:52 GMT - Debug - auth.service - login with username: yoni
Fri, 09 Oct 2020 13:41:48 GMT - Debug - auth.service - login with username: yoni
Fri, 09 Oct 2020 13:42:57 GMT - Info - Server is running on port: 3030
Fri, 09 Oct 2020 13:43:02 GMT - Debug - auth.service - login with username: yoni
Fri, 09 Oct 2020 13:43:08 GMT - Info - Server is running on port: 3030
Fri, 09 Oct 2020 13:44:52 GMT - Info - Server is running on port: 3030
Fri, 09 Oct 2020 13:44:56 GMT - Debug - auth.service - login with username: yoni
Fri, 09 Oct 2020 13:45:24 GMT - Info - Server is running on port: 3030
Fri, 09 Oct 2020 13:46:38 GMT - Info - Server is running on port: 3030
Fri, 09 Oct 2020 13:46:42 GMT - Debug - auth.service - login with username: yoni
Fri, 09 Oct 2020 13:46:54 GMT - Info - Server is running on port: 3030
Fri, 09 Oct 2020 13:46:56 GMT - Debug - auth.service - login with username: yoni
Fri, 09 Oct 2020 13:47:10 GMT - Info - Server is running on port: 3030
Fri, 09 Oct 2020 13:48:28 GMT - Debug - auth.service - login with username: yoni
Fri, 09 Oct 2020 13:49:13 GMT - Info - Server is running on port: 3030
Fri, 09 Oct 2020 13:49:17 GMT - Debug - auth.service - login with username: yoni
Fri, 09 Oct 2020 13:49:33 GMT - Info - Server is running on port: 3030
Fri, 09 Oct 2020 13:49:45 GMT - Info - Server is running on port: 3030
Fri, 09 Oct 2020 13:51:05 GMT - Debug - auth.service - login with username: yoni
Fri, 09 Oct 2020 13:51:31 GMT - Debug - auth.service - login with username: yoni
Fri, 09 Oct 2020 13:53:24 GMT - Debug - auth.service - login with username: yoni
Fri, 09 Oct 2020 13:54:48 GMT - Debug - auth.service - login with username: yoni
Fri, 09 Oct 2020 13:55:05 GMT - Debug - auth.service - login with username: yoni
Fri, 09 Oct 2020 13:56:31 GMT - Debug - auth.service - login with username: yoni
Fri, 09 Oct 2020 13:58:31 GMT - Debug - auth.service - login with username: yoni
Fri, 09 Oct 2020 14:00:16 GMT - Debug - auth.service - login with username: yoni
Fri, 09 Oct 2020 14:05:05 GMT - Debug - auth.service - login with username: yoni
Fri, 09 Oct 2020 14:05:30 GMT - Debug - auth.service - login with username: yoni
Fri, 09 Oct 2020 14:05:56 GMT - Debug - auth.service - login with username: yoni
Fri, 09 Oct 2020 14:12:15 GMT - Info - Server is running on port: 3030
Fri, 09 Oct 2020 14:12:40 GMT - Info - Server is running on port: 3030
Fri, 09 Oct 2020 14:12:43 GMT - Info - Server is running on port: 3030
Fri, 09 Oct 2020 14:25:50 GMT - Info - Server is running on port: 3030
Fri, 09 Oct 2020 14:28:39 GMT - Info - Server is running on port: 3030
Fri, 09 Oct 2020 14:29:08 GMT - Info - Server is running on port: 3030
Fri, 09 Oct 2020 14:29:11 GMT - Info - Server is running on port: 3030
Fri, 09 Oct 2020 14:31:03 GMT - Info - Server is running on port: 3030
Fri, 09 Oct 2020 14:31:26 GMT - Info - Server is running on port: 3030
Fri, 09 Oct 2020 14:31:43 GMT - Info - Server is running on port: 3030
Fri, 09 Oct 2020 14:31:46 GMT - Info - Server is running on port: 3030
Fri, 09 Oct 2020 14:31:56 GMT - Info - Server is running on port: 3030
Fri, 09 Oct 2020 14:32:33 GMT - Info - Server is running on port: 3030
Fri, 09 Oct 2020 14:32:42 GMT - Debug - auth.service - login with username: yoni
Fri, 09 Oct 2020 14:33:31 GMT - Info - Server is running on port: 3030
Fri, 09 Oct 2020 14:33:32 GMT - Info - Server is running on port: 3030
Fri, 09 Oct 2020 14:33:32 GMT - Info - Server is running on port: 3030
Sat, 10 Oct 2020 17:26:22 GMT - Info - Server is running on port: 3030
Sat, 10 Oct 2020 17:35:00 GMT - Info - Server is running on port: 3030
Sat, 10 Oct 2020 17:35:17 GMT - Debug - auth.service - login with username: yoni
Sat, 10 Oct 2020 17:35:48 GMT - Info - Server is running on port: 3030
Sat, 10 Oct 2020 17:42:18 GMT - Debug - auth.service - login with username: yoni
Sat, 10 Oct 2020 18:05:19 GMT - Info - Server is running on port: 3030
Sat, 10 Oct 2020 18:05:33 GMT - Info - Server is running on port: 3030
Sat, 10 Oct 2020 18:05:36 GMT - Info - Server is running on port: 3030
Sat, 10 Oct 2020 18:06:04 GMT - Info - Server is running on port: 3030
Sat, 10 Oct 2020 18:07:18 GMT - Debug - auth.service - login with username: yoni
Sat, 10 Oct 2020 18:08:05 GMT - Info - Server is running on port: 3030
Sat, 10 Oct 2020 18:08:12 GMT - Info - Server is running on port: 3030
Sat, 10 Oct 2020 18:08:14 GMT - Info - Server is running on port: 3030
Sat, 10 Oct 2020 18:08:24 GMT - Debug - auth.service - login with username: yoni
Sat, 10 Oct 2020 18:08:45 GMT - Info - Server is running on port: 3030
Sat, 10 Oct 2020 18:09:08 GMT - Debug - auth.service - login with username: yoni
Sat, 10 Oct 2020 18:10:09 GMT - Info - Server is running on port: 3030
Sat, 10 Oct 2020 18:10:15 GMT - Info - Server is running on port: 3030
Sat, 10 Oct 2020 18:10:25 GMT - Debug - auth.service - login with username: yoni
Sat, 10 Oct 2020 18:14:55 GMT - Info - Server is running on port: 3030
Sat, 10 Oct 2020 18:15:05 GMT - Info - Server is running on port: 3030
Sat, 10 Oct 2020 18:15:07 GMT - Info - Server is running on port: 3030
Sat, 10 Oct 2020 18:15:20 GMT - Debug - auth.service - login with username: yoni
Sat, 10 Oct 2020 18:16:14 GMT - Info - Server is running on port: 3030
Sat, 10 Oct 2020 18:16:26 GMT - Info - Server is running on port: 3030
Sat, 10 Oct 2020 18:16:35 GMT - Info - Server is running on port: 3030
Sat, 10 Oct 2020 18:16:44 GMT - Debug - auth.service - login with username: yoni
Sat, 10 Oct 2020 18:17:34 GMT - Info - Server is running on port: 3030
Sat, 10 Oct 2020 18:17:36 GMT - Info - Server is running on port: 3030
Sat, 10 Oct 2020 18:17:51 GMT - Info - Server is running on port: 3030
Sat, 10 Oct 2020 18:18:03 GMT - Info - Server is running on port: 3030
Sat, 10 Oct 2020 18:18:06 GMT - Info - Server is running on port: 3030
Sat, 10 Oct 2020 18:18:08 GMT - Info - Server is running on port: 3030
Sat, 10 Oct 2020 18:18:24 GMT - Debug - auth.service - login with username: yoni
Sat, 10 Oct 2020 18:19:10 GMT - Info - Server is running on port: 3030
Sat, 10 Oct 2020 18:19:22 GMT - Debug - auth.service - login with username: yoni
Sat, 10 Oct 2020 18:19:34 GMT - Info - Server is running on port: 3030
Sat, 10 Oct 2020 18:19:43 GMT - Debug - auth.service - login with username: yoni
Sat, 10 Oct 2020 18:21:03 GMT - Info - Server is running on port: 3030
Sat, 10 Oct 2020 18:22:09 GMT - Info - Server is running on port: 3030
Sat, 10 Oct 2020 18:22:56 GMT - Info - Server is running on port: 3030
Sat, 10 Oct 2020 18:23:36 GMT - Info - Server is running on port: 3030
Sat, 10 Oct 2020 18:23:37 GMT - Info - Server is running on port: 3030
Sat, 10 Oct 2020 18:23:38 GMT - Info - Server is running on port: 3030
Sat, 10 Oct 2020 18:23:59 GMT - Debug - auth.service - login with username: yoni
Sat, 10 Oct 2020 18:24:40 GMT - Info - Server is running on port: 3030
Sat, 10 Oct 2020 18:24:42 GMT - Info - Server is running on port: 3030
Sat, 10 Oct 2020 18:25:16 GMT - Info - Server is running on port: 3030
Sat, 10 Oct 2020 18:25:48 GMT - Info - Server is running on port: 3030
Sat, 10 Oct 2020 18:25:57 GMT - Debug - auth.service - login with username: yoni
Sat, 10 Oct 2020 18:26:20 GMT - Info - Server is running on port: 3030
Sat, 10 Oct 2020 18:26:22 GMT - Info - Server is running on port: 3030
Sat, 10 Oct 2020 18:26:22 GMT - Info - Server is running on port: 3030
Sat, 10 Oct 2020 18:26:31 GMT - Debug - auth.service - login with username: yoni
Sat, 10 Oct 2020 18:27:33 GMT - Info - Server is running on port: 3030
Sat, 10 Oct 2020 18:27:34 GMT - Info - Server is running on port: 3030
Sat, 10 Oct 2020 18:28:28 GMT - Debug - auth.service - login with username: yoni
Sat, 10 Oct 2020 18:33:42 GMT - Info - Server is running on port: 3030
Sat, 10 Oct 2020 18:33:44 GMT - Info - Server is running on port: 3030
Sat, 10 Oct 2020 18:33:55 GMT - Debug - auth.service - login with username: yoni
Sat, 10 Oct 2020 18:34:09 GMT - Info - Server is running on port: 3030
Sat, 10 Oct 2020 18:34:16 GMT - Debug - auth.service - login with username: yoni
Sat, 10 Oct 2020 18:34:30 GMT - Info - Server is running on port: 3030
Sat, 10 Oct 2020 18:34:37 GMT - Debug - auth.service - login with username: yoni
Sat, 10 Oct 2020 18:35:05 GMT - Info - Server is running on port: 3030
Sat, 10 Oct 2020 18:35:13 GMT - Debug - auth.service - login with username: yoni
Sat, 10 Oct 2020 18:35:26 GMT - Info - Server is running on port: 3030
Sat, 10 Oct 2020 18:35:34 GMT - Debug - auth.service - login with username: yoni
Sat, 10 Oct 2020 18:35:38 GMT - Debug - auth.service - login with username: yoni
Sat, 10 Oct 2020 18:36:03 GMT - Info - Server is running on port: 3030
Sat, 10 Oct 2020 18:36:34 GMT - Info - Server is running on port: 3030
Sat, 10 Oct 2020 18:36:38 GMT - Info - Server is running on port: 3030
Sat, 10 Oct 2020 18:36:41 GMT - Debug - auth.service - login with username: yoni
Sat, 10 Oct 2020 18:36:58 GMT - Info - Server is running on port: 3030
Sat, 10 Oct 2020 18:36:59 GMT - Info - Server is running on port: 3030
Sat, 10 Oct 2020 18:37:05 GMT - Debug - auth.service - login with username: yoni
Sat, 10 Oct 2020 18:38:43 GMT - Info - Server is running on port: 3030
Sat, 10 Oct 2020 18:38:59 GMT - Info - Server is running on port: 3030
Sat, 10 Oct 2020 18:39:08 GMT - Debug - auth.service - login with username: yoni
Sat, 10 Oct 2020 19:04:56 GMT - Info - Server is running on port: 3030
